{"/Users/matthewkaplan/Dropbox/cross-poll/LangChat/src/Helper/data.js": {"path":"/Users/matthewkaplan/Dropbox/cross-poll/LangChat/src/Helper/data.js","statementMap":{"0":{"start":{"line":1,"column":18},"end":{"line":241,"column":1}},"1":{"start":{"line":243,"column":0},"end":{"line":245,"column":1}}},"fnMap":{},"branchMap":{},"s":{"0":1,"1":1},"f":{},"b":{},"_coverageSchema":"43e27e138ebf9cfc5966b082cf9a028302ed4184","hash":"d7c592c168fb80a6cc6166e18a74f223fe2dd08f"}
,"/Users/matthewkaplan/Dropbox/cross-poll/LangChat/src/actions/index.js": {"path":"/Users/matthewkaplan/Dropbox/cross-poll/LangChat/src/actions/index.js","statementMap":{"0":{"start":{"line":1,"column":30},"end":{"line":4,"column":2}},"1":{"start":{"line":1,"column":39},"end":{"line":4,"column":1}},"2":{"start":{"line":6,"column":30},"end":{"line":9,"column":2}},"3":{"start":{"line":6,"column":39},"end":{"line":9,"column":1}},"4":{"start":{"line":11,"column":27},"end":{"line":14,"column":2}},"5":{"start":{"line":11,"column":36},"end":{"line":14,"column":1}},"6":{"start":{"line":16,"column":30},"end":{"line":19,"column":2}},"7":{"start":{"line":16,"column":39},"end":{"line":19,"column":1}},"8":{"start":{"line":21,"column":31},"end":{"line":24,"column":2}},"9":{"start":{"line":21,"column":40},"end":{"line":24,"column":1}},"10":{"start":{"line":26,"column":30},"end":{"line":29,"column":2}},"11":{"start":{"line":26,"column":39},"end":{"line":29,"column":1}},"12":{"start":{"line":31,"column":30},"end":{"line":34,"column":2}},"13":{"start":{"line":31,"column":39},"end":{"line":34,"column":1}},"14":{"start":{"line":36,"column":29},"end":{"line":39,"column":2}},"15":{"start":{"line":36,"column":38},"end":{"line":39,"column":1}},"16":{"start":{"line":41,"column":26},"end":{"line":44,"column":2}},"17":{"start":{"line":41,"column":38},"end":{"line":44,"column":1}},"18":{"start":{"line":46,"column":21},"end":{"line":49,"column":2}},"19":{"start":{"line":46,"column":40},"end":{"line":49,"column":1}},"20":{"start":{"line":51,"column":22},"end":{"line":53,"column":2}},"21":{"start":{"line":51,"column":29},"end":{"line":53,"column":1}}},"fnMap":{"0":{"name":"(anonymous_0)","decl":{"start":{"line":1,"column":30},"end":{"line":1,"column":31}},"loc":{"start":{"line":1,"column":39},"end":{"line":4,"column":1}},"line":1},"1":{"name":"(anonymous_1)","decl":{"start":{"line":6,"column":30},"end":{"line":6,"column":31}},"loc":{"start":{"line":6,"column":39},"end":{"line":9,"column":1}},"line":6},"2":{"name":"(anonymous_2)","decl":{"start":{"line":11,"column":27},"end":{"line":11,"column":28}},"loc":{"start":{"line":11,"column":36},"end":{"line":14,"column":1}},"line":11},"3":{"name":"(anonymous_3)","decl":{"start":{"line":16,"column":30},"end":{"line":16,"column":31}},"loc":{"start":{"line":16,"column":39},"end":{"line":19,"column":1}},"line":16},"4":{"name":"(anonymous_4)","decl":{"start":{"line":21,"column":31},"end":{"line":21,"column":32}},"loc":{"start":{"line":21,"column":40},"end":{"line":24,"column":1}},"line":21},"5":{"name":"(anonymous_5)","decl":{"start":{"line":26,"column":30},"end":{"line":26,"column":31}},"loc":{"start":{"line":26,"column":39},"end":{"line":29,"column":1}},"line":26},"6":{"name":"(anonymous_6)","decl":{"start":{"line":31,"column":30},"end":{"line":31,"column":31}},"loc":{"start":{"line":31,"column":39},"end":{"line":34,"column":1}},"line":31},"7":{"name":"(anonymous_7)","decl":{"start":{"line":36,"column":29},"end":{"line":36,"column":30}},"loc":{"start":{"line":36,"column":38},"end":{"line":39,"column":1}},"line":36},"8":{"name":"(anonymous_8)","decl":{"start":{"line":41,"column":26},"end":{"line":41,"column":27}},"loc":{"start":{"line":41,"column":38},"end":{"line":44,"column":1}},"line":41},"9":{"name":"(anonymous_9)","decl":{"start":{"line":46,"column":21},"end":{"line":46,"column":22}},"loc":{"start":{"line":46,"column":40},"end":{"line":49,"column":1}},"line":46},"10":{"name":"(anonymous_10)","decl":{"start":{"line":51,"column":22},"end":{"line":51,"column":23}},"loc":{"start":{"line":51,"column":29},"end":{"line":53,"column":1}},"line":51}},"branchMap":{},"s":{"0":13,"1":2,"2":13,"3":2,"4":13,"5":4,"6":13,"7":4,"8":13,"9":4,"10":13,"11":4,"12":13,"13":4,"14":13,"15":3,"16":13,"17":2,"18":13,"19":0,"20":13,"21":0},"f":{"0":2,"1":2,"2":4,"3":4,"4":4,"5":4,"6":4,"7":3,"8":2,"9":0,"10":0},"b":{},"_coverageSchema":"43e27e138ebf9cfc5966b082cf9a028302ed4184","hash":"d01224bd44661140dc297b8424446da61cc61aa1"}
,"/Users/matthewkaplan/Dropbox/cross-poll/LangChat/src/components/LoginForm/LoginForm.js": {"path":"/Users/matthewkaplan/Dropbox/cross-poll/LangChat/src/components/LoginForm/LoginForm.js","statementMap":{"0":{"start":{"line":11,"column":16},"end":{"line":17,"column":2}},"1":{"start":{"line":12,"column":2},"end":{"line":16,"column":3}},"2":{"start":{"line":13,"column":3},"end":{"line":13,"column":35}},"3":{"start":{"line":15,"column":3},"end":{"line":15,"column":35}},"4":{"start":{"line":19,"column":9},"end":{"line":36,"column":2}},"5":{"start":{"line":20,"column":33},"end":{"line":20,"column":43}},"6":{"start":{"line":21,"column":2},"end":{"line":35,"column":3}},"7":{"start":{"line":22,"column":15},"end":{"line":26,"column":5}},"8":{"start":{"line":27,"column":16},"end":{"line":27,"column":32}},"9":{"start":{"line":28,"column":22},"end":{"line":28,"column":51}},"10":{"start":{"line":29,"column":17},"end":{"line":29,"column":53}},"11":{"start":{"line":30,"column":21},"end":{"line":30,"column":56}},"12":{"start":{"line":31,"column":3},"end":{"line":31,"column":37}},"13":{"start":{"line":32,"column":3},"end":{"line":32,"column":18}},"14":{"start":{"line":34,"column":3},"end":{"line":34,"column":30}},"15":{"start":{"line":39,"column":89},"end":{"line":39,"column":95}},"16":{"start":{"line":40,"column":33},"end":{"line":40,"column":43}},"17":{"start":{"line":41,"column":2},"end":{"line":69,"column":4}},"18":{"start":{"line":43,"column":53},"end":{"line":43,"column":73}},"19":{"start":{"line":50,"column":32},"end":{"line":50,"column":71}},"20":{"start":{"line":60,"column":32},"end":{"line":60,"column":71}},"21":{"start":{"line":73,"column":15},"end":{"line":106,"column":1}},"22":{"start":{"line":108,"column":31},"end":{"line":111,"column":2}},"23":{"start":{"line":108,"column":41},"end":{"line":111,"column":1}},"24":{"start":{"line":113,"column":34},"end":{"line":117,"column":2}},"25":{"start":{"line":113,"column":47},"end":{"line":117,"column":1}},"26":{"start":{"line":114,"column":25},"end":{"line":114,"column":55}},"27":{"start":{"line":115,"column":25},"end":{"line":115,"column":55}},"28":{"start":{"line":116,"column":26},"end":{"line":116,"column":55}}},"fnMap":{"0":{"name":"(anonymous_0)","decl":{"start":{"line":11,"column":16},"end":{"line":11,"column":17}},"loc":{"start":{"line":11,"column":33},"end":{"line":17,"column":2}},"line":11},"1":{"name":"(anonymous_1)","decl":{"start":{"line":19,"column":9},"end":{"line":19,"column":10}},"loc":{"start":{"line":19,"column":21},"end":{"line":36,"column":2}},"line":19},"2":{"name":"(anonymous_2)","decl":{"start":{"line":38,"column":1},"end":{"line":38,"column":2}},"loc":{"start":{"line":38,"column":10},"end":{"line":70,"column":2}},"line":38},"3":{"name":"(anonymous_3)","decl":{"start":{"line":43,"column":47},"end":{"line":43,"column":48}},"loc":{"start":{"line":43,"column":53},"end":{"line":43,"column":73}},"line":43},"4":{"name":"(anonymous_4)","decl":{"start":{"line":50,"column":20},"end":{"line":50,"column":21}},"loc":{"start":{"line":50,"column":32},"end":{"line":50,"column":71}},"line":50},"5":{"name":"(anonymous_5)","decl":{"start":{"line":60,"column":20},"end":{"line":60,"column":21}},"loc":{"start":{"line":60,"column":32},"end":{"line":60,"column":71}},"line":60},"6":{"name":"(anonymous_6)","decl":{"start":{"line":108,"column":31},"end":{"line":108,"column":32}},"loc":{"start":{"line":108,"column":41},"end":{"line":111,"column":1}},"line":108},"7":{"name":"(anonymous_7)","decl":{"start":{"line":113,"column":34},"end":{"line":113,"column":35}},"loc":{"start":{"line":113,"column":47},"end":{"line":117,"column":1}},"line":113},"8":{"name":"(anonymous_8)","decl":{"start":{"line":114,"column":17},"end":{"line":114,"column":18}},"loc":{"start":{"line":114,"column":25},"end":{"line":114,"column":55}},"line":114},"9":{"name":"(anonymous_9)","decl":{"start":{"line":115,"column":17},"end":{"line":115,"column":18}},"loc":{"start":{"line":115,"column":25},"end":{"line":115,"column":55}},"line":115},"10":{"name":"(anonymous_10)","decl":{"start":{"line":116,"column":8},"end":{"line":116,"column":9}},"loc":{"start":{"line":116,"column":26},"end":{"line":116,"column":55}},"line":116}},"branchMap":{"0":{"loc":{"start":{"line":12,"column":2},"end":{"line":16,"column":3}},"type":"if","locations":[{"start":{"line":12,"column":2},"end":{"line":16,"column":3}},{"start":{"line":12,"column":2},"end":{"line":16,"column":3}}],"line":12},"1":{"loc":{"start":{"line":64,"column":23},"end":{"line":64,"column":45}},"type":"binary-expr","locations":[{"start":{"line":64,"column":23},"end":{"line":64,"column":32}},{"start":{"line":64,"column":36},"end":{"line":64,"column":45}}],"line":64}},"s":{"0":1,"1":0,"2":0,"3":0,"4":1,"5":0,"6":0,"7":0,"8":0,"9":0,"10":0,"11":0,"12":0,"13":0,"14":0,"15":1,"16":1,"17":1,"18":0,"19":0,"20":0,"21":1,"22":1,"23":0,"24":1,"25":0,"26":0,"27":0,"28":0},"f":{"0":0,"1":0,"2":1,"3":0,"4":0,"5":0,"6":0,"7":0,"8":0,"9":0,"10":0},"b":{"0":[0,0],"1":[1,0]},"_coverageSchema":"43e27e138ebf9cfc5966b082cf9a028302ed4184","hash":"c15bcdfefb53bc25f711d8f650636ae4c8c38cdc"}
,"/Users/matthewkaplan/Dropbox/cross-poll/LangChat/src/components/Message/Message.js": {"path":"/Users/matthewkaplan/Dropbox/cross-poll/LangChat/src/components/Message/Message.js","statementMap":{"0":{"start":{"line":4,"column":16},"end":{"line":21,"column":1}},"1":{"start":{"line":5,"column":37},"end":{"line":5,"column":42}},"2":{"start":{"line":6,"column":1},"end":{"line":20,"column":3}},"3":{"start":{"line":23,"column":15},"end":{"line":53,"column":2}}},"fnMap":{"0":{"name":"(anonymous_0)","decl":{"start":{"line":4,"column":16},"end":{"line":4,"column":17}},"loc":{"start":{"line":4,"column":25},"end":{"line":21,"column":1}},"line":4}},"branchMap":{},"s":{"0":1,"1":1,"2":1,"3":1},"f":{"0":1},"b":{},"_coverageSchema":"43e27e138ebf9cfc5966b082cf9a028302ed4184","hash":"5487240d093ebdc388935cc2c2377b6f9f4535dc"}
,"/Users/matthewkaplan/Dropbox/cross-poll/LangChat/src/components/MessageInput/MessageInput.js": {"path":"/Users/matthewkaplan/Dropbox/cross-poll/LangChat/src/components/MessageInput/MessageInput.js","statementMap":{"0":{"start":{"line":9,"column":9},"end":{"line":11,"column":2}},"1":{"start":{"line":13,"column":15},"end":{"line":13,"column":23}},"2":{"start":{"line":16,"column":2},"end":{"line":27,"column":4}},"3":{"start":{"line":21,"column":30},"end":{"line":21,"column":56}},"4":{"start":{"line":31,"column":15},"end":{"line":38,"column":2}}},"fnMap":{"0":{"name":"(anonymous_0)","decl":{"start":{"line":13,"column":15},"end":{"line":13,"column":16}},"loc":{"start":{"line":13,"column":21},"end":{"line":13,"column":23}},"line":13},"1":{"name":"(anonymous_1)","decl":{"start":{"line":15,"column":1},"end":{"line":15,"column":2}},"loc":{"start":{"line":15,"column":11},"end":{"line":28,"column":2}},"line":15},"2":{"name":"(anonymous_2)","decl":{"start":{"line":21,"column":19},"end":{"line":21,"column":20}},"loc":{"start":{"line":21,"column":30},"end":{"line":21,"column":56}},"line":21}},"branchMap":{},"s":{"0":2,"1":2,"2":2,"3":0,"4":1},"f":{"0":0,"1":2,"2":0},"b":{},"_coverageSchema":"43e27e138ebf9cfc5966b082cf9a028302ed4184","hash":"9a860cc031bccc6cf8e93e7619f728f2bf972daf"}
,"/Users/matthewkaplan/Dropbox/cross-poll/LangChat/src/components/Nav/Nav.js": {"path":"/Users/matthewkaplan/Dropbox/cross-poll/LangChat/src/components/Nav/Nav.js","statementMap":{"0":{"start":{"line":8,"column":2},"end":{"line":49,"column":4}},"1":{"start":{"line":11,"column":64},"end":{"line":11,"column":84}},"2":{"start":{"line":15,"column":63},"end":{"line":15,"column":83}},"3":{"start":{"line":18,"column":63},"end":{"line":18,"column":82}},"4":{"start":{"line":23,"column":63},"end":{"line":23,"column":83}},"5":{"start":{"line":28,"column":63},"end":{"line":28,"column":77}},"6":{"start":{"line":33,"column":63},"end":{"line":33,"column":109}},"7":{"start":{"line":38,"column":63},"end":{"line":38,"column":111}},"8":{"start":{"line":43,"column":63},"end":{"line":43,"column":81}},"9":{"start":{"line":53,"column":15},"end":{"line":73,"column":2}}},"fnMap":{"0":{"name":"(anonymous_0)","decl":{"start":{"line":7,"column":1},"end":{"line":7,"column":2}},"loc":{"start":{"line":7,"column":10},"end":{"line":50,"column":2}},"line":7},"1":{"name":"(anonymous_1)","decl":{"start":{"line":11,"column":58},"end":{"line":11,"column":59}},"loc":{"start":{"line":11,"column":64},"end":{"line":11,"column":84}},"line":11},"2":{"name":"(anonymous_2)","decl":{"start":{"line":15,"column":57},"end":{"line":15,"column":58}},"loc":{"start":{"line":15,"column":63},"end":{"line":15,"column":83}},"line":15},"3":{"name":"(anonymous_3)","decl":{"start":{"line":18,"column":57},"end":{"line":18,"column":58}},"loc":{"start":{"line":18,"column":63},"end":{"line":18,"column":82}},"line":18},"4":{"name":"(anonymous_4)","decl":{"start":{"line":23,"column":57},"end":{"line":23,"column":58}},"loc":{"start":{"line":23,"column":63},"end":{"line":23,"column":83}},"line":23},"5":{"name":"(anonymous_5)","decl":{"start":{"line":28,"column":57},"end":{"line":28,"column":58}},"loc":{"start":{"line":28,"column":63},"end":{"line":28,"column":77}},"line":28},"6":{"name":"(anonymous_6)","decl":{"start":{"line":33,"column":57},"end":{"line":33,"column":58}},"loc":{"start":{"line":33,"column":63},"end":{"line":33,"column":109}},"line":33},"7":{"name":"(anonymous_7)","decl":{"start":{"line":38,"column":57},"end":{"line":38,"column":58}},"loc":{"start":{"line":38,"column":63},"end":{"line":38,"column":111}},"line":38},"8":{"name":"(anonymous_8)","decl":{"start":{"line":43,"column":57},"end":{"line":43,"column":58}},"loc":{"start":{"line":43,"column":63},"end":{"line":43,"column":81}},"line":43}},"branchMap":{},"s":{"0":2,"1":0,"2":0,"3":0,"4":0,"5":0,"6":0,"7":0,"8":0,"9":3},"f":{"0":2,"1":0,"2":0,"3":0,"4":0,"5":0,"6":0,"7":0,"8":0},"b":{},"_coverageSchema":"43e27e138ebf9cfc5966b082cf9a028302ed4184","hash":"c5de83c78061605741d69dab1f49ce223afd1131"}
,"/Users/matthewkaplan/Dropbox/cross-poll/LangChat/src/components/NavDrawer/NavDrawer.js": {"path":"/Users/matthewkaplan/Dropbox/cross-poll/LangChat/src/components/NavDrawer/NavDrawer.js","statementMap":{"0":{"start":{"line":11,"column":0},"end":{"line":11,"column":32}},"1":{"start":{"line":14,"column":9},"end":{"line":16,"column":2}},"2":{"start":{"line":19,"column":2},"end":{"line":23,"column":4}},"3":{"start":{"line":26,"column":14},"end":{"line":28,"column":2}},"4":{"start":{"line":27,"column":2},"end":{"line":27,"column":21}},"5":{"start":{"line":30,"column":15},"end":{"line":32,"column":2}},"6":{"start":{"line":31,"column":2},"end":{"line":31,"column":22}},"7":{"start":{"line":34,"column":16},"end":{"line":37,"column":2}},"8":{"start":{"line":35,"column":25},"end":{"line":35,"column":35}},"9":{"start":{"line":36,"column":2},"end":{"line":36,"column":45}},"10":{"start":{"line":39,"column":10},"end":{"line":56,"column":2}},"11":{"start":{"line":40,"column":2},"end":{"line":55,"column":3}},"12":{"start":{"line":41,"column":34},"end":{"line":41,"column":44}},"13":{"start":{"line":42,"column":3},"end":{"line":50,"column":6}},"14":{"start":{"line":51,"column":3},"end":{"line":51,"column":23}},"15":{"start":{"line":52,"column":3},"end":{"line":52,"column":24}},"16":{"start":{"line":54,"column":3},"end":{"line":54,"column":30}},"17":{"start":{"line":59,"column":2},"end":{"line":87,"column":4}},"18":{"start":{"line":64,"column":19},"end":{"line":64,"column":36}},"19":{"start":{"line":91,"column":21},"end":{"line":100,"column":1}},"20":{"start":{"line":102,"column":15},"end":{"line":151,"column":1}},"21":{"start":{"line":153,"column":31},"end":{"line":158,"column":2}},"22":{"start":{"line":153,"column":41},"end":{"line":158,"column":1}},"23":{"start":{"line":160,"column":34},"end":{"line":162,"column":2}},"24":{"start":{"line":160,"column":47},"end":{"line":162,"column":1}},"25":{"start":{"line":161,"column":15},"end":{"line":161,"column":33}}},"fnMap":{"0":{"name":"(anonymous_0)","decl":{"start":{"line":18,"column":1},"end":{"line":18,"column":2}},"loc":{"start":{"line":18,"column":17},"end":{"line":24,"column":2}},"line":18},"1":{"name":"(anonymous_1)","decl":{"start":{"line":26,"column":14},"end":{"line":26,"column":15}},"loc":{"start":{"line":26,"column":20},"end":{"line":28,"column":2}},"line":26},"2":{"name":"(anonymous_2)","decl":{"start":{"line":30,"column":15},"end":{"line":30,"column":16}},"loc":{"start":{"line":30,"column":21},"end":{"line":32,"column":2}},"line":30},"3":{"name":"(anonymous_3)","decl":{"start":{"line":34,"column":16},"end":{"line":34,"column":17}},"loc":{"start":{"line":34,"column":22},"end":{"line":37,"column":2}},"line":34},"4":{"name":"(anonymous_4)","decl":{"start":{"line":39,"column":10},"end":{"line":39,"column":11}},"loc":{"start":{"line":39,"column":22},"end":{"line":56,"column":2}},"line":39},"5":{"name":"(anonymous_5)","decl":{"start":{"line":58,"column":1},"end":{"line":58,"column":2}},"loc":{"start":{"line":58,"column":11},"end":{"line":88,"column":2}},"line":58},"6":{"name":"(anonymous_6)","decl":{"start":{"line":64,"column":11},"end":{"line":64,"column":12}},"loc":{"start":{"line":64,"column":19},"end":{"line":64,"column":36}},"line":64},"7":{"name":"(anonymous_7)","decl":{"start":{"line":153,"column":31},"end":{"line":153,"column":32}},"loc":{"start":{"line":153,"column":41},"end":{"line":158,"column":1}},"line":153},"8":{"name":"(anonymous_8)","decl":{"start":{"line":160,"column":34},"end":{"line":160,"column":35}},"loc":{"start":{"line":160,"column":47},"end":{"line":162,"column":1}},"line":160},"9":{"name":"(anonymous_9)","decl":{"start":{"line":161,"column":9},"end":{"line":161,"column":10}},"loc":{"start":{"line":161,"column":15},"end":{"line":161,"column":33}},"line":161}},"branchMap":{"0":{"loc":{"start":{"line":74,"column":9},"end":{"line":78,"column":9}},"type":"cond-expr","locations":[{"start":{"line":75,"column":9},"end":{"line":75,"column":101}},{"start":{"line":77,"column":9},"end":{"line":77,"column":99}}],"line":74},"1":{"loc":{"start":{"line":83,"column":7},"end":{"line":83,"column":34}},"type":"binary-expr","locations":[{"start":{"line":83,"column":7},"end":{"line":83,"column":26}},{"start":{"line":83,"column":30},"end":{"line":83,"column":34}}],"line":83}},"s":{"0":2,"1":1,"2":1,"3":1,"4":0,"5":1,"6":0,"7":1,"8":0,"9":0,"10":1,"11":0,"12":0,"13":0,"14":0,"15":0,"16":0,"17":1,"18":1,"19":2,"20":2,"21":2,"22":0,"23":2,"24":0,"25":0},"f":{"0":1,"1":0,"2":0,"3":0,"4":0,"5":1,"6":1,"7":0,"8":0,"9":0},"b":{"0":[0,1],"1":[1,1]},"_coverageSchema":"43e27e138ebf9cfc5966b082cf9a028302ed4184","hash":"13dbdd7aeda0620427533459d3ef63277b5b0467"}
,"/Users/matthewkaplan/Dropbox/cross-poll/LangChat/src/components/SignUpForm/SignUpForm.js": {"path":"/Users/matthewkaplan/Dropbox/cross-poll/LangChat/src/components/SignUpForm/SignUpForm.js","statementMap":{"0":{"start":{"line":20,"column":9},"end":{"line":26,"column":2}},"1":{"start":{"line":28,"column":18},"end":{"line":48,"column":2}},"2":{"start":{"line":29,"column":61},"end":{"line":29,"column":71}},"3":{"start":{"line":30,"column":2},"end":{"line":39,"column":3}},"4":{"start":{"line":31,"column":3},"end":{"line":38,"column":5}},"5":{"start":{"line":34,"column":20},"end":{"line":34,"column":73}},"6":{"start":{"line":40,"column":2},"end":{"line":42,"column":3}},"7":{"start":{"line":41,"column":3},"end":{"line":41,"column":109}},"8":{"start":{"line":41,"column":33},"end":{"line":41,"column":93}},"9":{"start":{"line":43,"column":2},"end":{"line":47,"column":4}},"10":{"start":{"line":50,"column":16},"end":{"line":68,"column":2}},"11":{"start":{"line":51,"column":20},"end":{"line":51,"column":34}},"12":{"start":{"line":52,"column":37},"end":{"line":52,"column":47}},"13":{"start":{"line":53,"column":2},"end":{"line":67,"column":4}},"14":{"start":{"line":61,"column":32},"end":{"line":61,"column":56}},"15":{"start":{"line":64,"column":5},"end":{"line":64,"column":74}},"16":{"start":{"line":70,"column":12},"end":{"line":95,"column":2}},"17":{"start":{"line":71,"column":70},"end":{"line":71,"column":80}},"18":{"start":{"line":72,"column":18},"end":{"line":81,"column":3}},"19":{"start":{"line":83,"column":2},"end":{"line":94,"column":3}},"20":{"start":{"line":84,"column":15},"end":{"line":88,"column":5}},"21":{"start":{"line":89,"column":16},"end":{"line":89,"column":32}},"22":{"start":{"line":90,"column":3},"end":{"line":90,"column":20}},"23":{"start":{"line":93,"column":3},"end":{"line":93,"column":60}},"24":{"start":{"line":97,"column":9},"end":{"line":114,"column":2}},"25":{"start":{"line":98,"column":23},"end":{"line":98,"column":27}},"26":{"start":{"line":99,"column":2},"end":{"line":113,"column":3}},"27":{"start":{"line":100,"column":15},"end":{"line":104,"column":5}},"28":{"start":{"line":105,"column":16},"end":{"line":105,"column":32}},"29":{"start":{"line":106,"column":22},"end":{"line":106,"column":51}},"30":{"start":{"line":107,"column":17},"end":{"line":107,"column":53}},"31":{"start":{"line":108,"column":21},"end":{"line":108,"column":56}},"32":{"start":{"line":109,"column":3},"end":{"line":109,"column":37}},"33":{"start":{"line":110,"column":3},"end":{"line":110,"column":18}},"34":{"start":{"line":112,"column":3},"end":{"line":112,"column":30}},"35":{"start":{"line":116,"column":20},"end":{"line":118,"column":2}},"36":{"start":{"line":117,"column":2},"end":{"line":117,"column":57}},"37":{"start":{"line":121,"column":89},"end":{"line":121,"column":95}},"38":{"start":{"line":133,"column":6},"end":{"line":133,"column":16}},"39":{"start":{"line":134,"column":2},"end":{"line":134,"column":24}},"40":{"start":{"line":135,"column":2},"end":{"line":201,"column":4}},"41":{"start":{"line":137,"column":53},"end":{"line":137,"column":73}},"42":{"start":{"line":146,"column":35},"end":{"line":146,"column":61}},"43":{"start":{"line":154,"column":34},"end":{"line":154,"column":58}},"44":{"start":{"line":162,"column":34},"end":{"line":162,"column":58}},"45":{"start":{"line":175,"column":31},"end":{"line":175,"column":49}},"46":{"start":{"line":184,"column":34},"end":{"line":184,"column":58}},"47":{"start":{"line":192,"column":30},"end":{"line":192,"column":67}},"48":{"start":{"line":205,"column":15},"end":{"line":238,"column":1}},"49":{"start":{"line":240,"column":31},"end":{"line":247,"column":2}},"50":{"start":{"line":240,"column":41},"end":{"line":247,"column":1}},"51":{"start":{"line":249,"column":34},"end":{"line":257,"column":2}},"52":{"start":{"line":249,"column":47},"end":{"line":257,"column":1}},"53":{"start":{"line":250,"column":31},"end":{"line":250,"column":67}},"54":{"start":{"line":251,"column":29},"end":{"line":251,"column":63}},"55":{"start":{"line":252,"column":23},"end":{"line":252,"column":51}},"56":{"start":{"line":253,"column":29},"end":{"line":253,"column":63}},"57":{"start":{"line":254,"column":29},"end":{"line":254,"column":63}},"58":{"start":{"line":255,"column":27},"end":{"line":255,"column":59}},"59":{"start":{"line":256,"column":26},"end":{"line":256,"column":55}}},"fnMap":{"0":{"name":"(anonymous_0)","decl":{"start":{"line":28,"column":18},"end":{"line":28,"column":19}},"loc":{"start":{"line":28,"column":24},"end":{"line":48,"column":2}},"line":28},"1":{"name":"(anonymous_1)","decl":{"start":{"line":34,"column":14},"end":{"line":34,"column":15}},"loc":{"start":{"line":34,"column":20},"end":{"line":34,"column":73}},"line":34},"2":{"name":"(anonymous_2)","decl":{"start":{"line":41,"column":27},"end":{"line":41,"column":28}},"loc":{"start":{"line":41,"column":33},"end":{"line":41,"column":93}},"line":41},"3":{"name":"(anonymous_3)","decl":{"start":{"line":50,"column":16},"end":{"line":50,"column":17}},"loc":{"start":{"line":50,"column":22},"end":{"line":68,"column":2}},"line":50},"4":{"name":"(anonymous_4)","decl":{"start":{"line":61,"column":19},"end":{"line":61,"column":20}},"loc":{"start":{"line":61,"column":32},"end":{"line":61,"column":56}},"line":61},"5":{"name":"(anonymous_5)","decl":{"start":{"line":63,"column":19},"end":{"line":63,"column":20}},"loc":{"start":{"line":63,"column":30},"end":{"line":65,"column":5}},"line":63},"6":{"name":"(anonymous_6)","decl":{"start":{"line":70,"column":12},"end":{"line":70,"column":13}},"loc":{"start":{"line":70,"column":24},"end":{"line":95,"column":2}},"line":70},"7":{"name":"(anonymous_7)","decl":{"start":{"line":97,"column":9},"end":{"line":97,"column":10}},"loc":{"start":{"line":97,"column":23},"end":{"line":114,"column":2}},"line":97},"8":{"name":"(anonymous_8)","decl":{"start":{"line":116,"column":20},"end":{"line":116,"column":21}},"loc":{"start":{"line":116,"column":26},"end":{"line":118,"column":2}},"line":116},"9":{"name":"(anonymous_9)","decl":{"start":{"line":120,"column":1},"end":{"line":120,"column":2}},"loc":{"start":{"line":120,"column":10},"end":{"line":202,"column":2}},"line":120},"10":{"name":"(anonymous_10)","decl":{"start":{"line":137,"column":47},"end":{"line":137,"column":48}},"loc":{"start":{"line":137,"column":53},"end":{"line":137,"column":73}},"line":137},"11":{"name":"(anonymous_11)","decl":{"start":{"line":146,"column":22},"end":{"line":146,"column":23}},"loc":{"start":{"line":146,"column":35},"end":{"line":146,"column":61}},"line":146},"12":{"name":"(anonymous_12)","decl":{"start":{"line":154,"column":22},"end":{"line":154,"column":23}},"loc":{"start":{"line":154,"column":34},"end":{"line":154,"column":58}},"line":154},"13":{"name":"(anonymous_13)","decl":{"start":{"line":162,"column":22},"end":{"line":162,"column":23}},"loc":{"start":{"line":162,"column":34},"end":{"line":162,"column":58}},"line":162},"14":{"name":"(anonymous_14)","decl":{"start":{"line":175,"column":22},"end":{"line":175,"column":23}},"loc":{"start":{"line":175,"column":31},"end":{"line":175,"column":49}},"line":175},"15":{"name":"(anonymous_15)","decl":{"start":{"line":184,"column":22},"end":{"line":184,"column":23}},"loc":{"start":{"line":184,"column":34},"end":{"line":184,"column":58}},"line":184},"16":{"name":"(anonymous_16)","decl":{"start":{"line":192,"column":22},"end":{"line":192,"column":23}},"loc":{"start":{"line":192,"column":30},"end":{"line":192,"column":67}},"line":192},"17":{"name":"(anonymous_17)","decl":{"start":{"line":240,"column":31},"end":{"line":240,"column":32}},"loc":{"start":{"line":240,"column":41},"end":{"line":247,"column":1}},"line":240},"18":{"name":"(anonymous_18)","decl":{"start":{"line":249,"column":34},"end":{"line":249,"column":35}},"loc":{"start":{"line":249,"column":47},"end":{"line":257,"column":1}},"line":249},"19":{"name":"(anonymous_19)","decl":{"start":{"line":250,"column":18},"end":{"line":250,"column":19}},"loc":{"start":{"line":250,"column":31},"end":{"line":250,"column":67}},"line":250},"20":{"name":"(anonymous_20)","decl":{"start":{"line":251,"column":17},"end":{"line":251,"column":18}},"loc":{"start":{"line":251,"column":29},"end":{"line":251,"column":63}},"line":251},"21":{"name":"(anonymous_21)","decl":{"start":{"line":252,"column":14},"end":{"line":252,"column":15}},"loc":{"start":{"line":252,"column":23},"end":{"line":252,"column":51}},"line":252},"22":{"name":"(anonymous_22)","decl":{"start":{"line":253,"column":17},"end":{"line":253,"column":18}},"loc":{"start":{"line":253,"column":29},"end":{"line":253,"column":63}},"line":253},"23":{"name":"(anonymous_23)","decl":{"start":{"line":254,"column":17},"end":{"line":254,"column":18}},"loc":{"start":{"line":254,"column":29},"end":{"line":254,"column":63}},"line":254},"24":{"name":"(anonymous_24)","decl":{"start":{"line":255,"column":16},"end":{"line":255,"column":17}},"loc":{"start":{"line":255,"column":27},"end":{"line":255,"column":59}},"line":255},"25":{"name":"(anonymous_25)","decl":{"start":{"line":256,"column":8},"end":{"line":256,"column":9}},"loc":{"start":{"line":256,"column":26},"end":{"line":256,"column":55}},"line":256}},"branchMap":{"0":{"loc":{"start":{"line":30,"column":2},"end":{"line":39,"column":3}},"type":"if","locations":[{"start":{"line":30,"column":2},"end":{"line":39,"column":3}},{"start":{"line":30,"column":2},"end":{"line":39,"column":3}}],"line":30},"1":{"loc":{"start":{"line":33,"column":15},"end":{"line":33,"column":51}},"type":"binary-expr","locations":[{"start":{"line":33,"column":15},"end":{"line":33,"column":25}},{"start":{"line":33,"column":29},"end":{"line":33,"column":38}},{"start":{"line":33,"column":42},"end":{"line":33,"column":51}}],"line":33},"2":{"loc":{"start":{"line":40,"column":2},"end":{"line":42,"column":3}},"type":"if","locations":[{"start":{"line":40,"column":2},"end":{"line":42,"column":3}},{"start":{"line":40,"column":2},"end":{"line":42,"column":3}}],"line":40},"3":{"loc":{"start":{"line":44,"column":21},"end":{"line":44,"column":69}},"type":"binary-expr","locations":[{"start":{"line":44,"column":22},"end":{"line":44,"column":28}},{"start":{"line":44,"column":32},"end":{"line":44,"column":41}},{"start":{"line":44,"column":46},"end":{"line":44,"column":69}}],"line":44},"4":{"loc":{"start":{"line":139,"column":5},"end":{"line":166,"column":5}},"type":"binary-expr","locations":[{"start":{"line":139,"column":5},"end":{"line":139,"column":24}},{"start":{"line":140,"column":5},"end":{"line":165,"column":22}}],"line":139},"5":{"loc":{"start":{"line":167,"column":5},"end":{"line":167,"column":93}},"type":"binary-expr","locations":[{"start":{"line":167,"column":5},"end":{"line":167,"column":27}},{"start":{"line":167,"column":31},"end":{"line":167,"column":93}}],"line":167},"6":{"loc":{"start":{"line":168,"column":5},"end":{"line":198,"column":5}},"type":"binary-expr","locations":[{"start":{"line":168,"column":5},"end":{"line":168,"column":31}},{"start":{"line":169,"column":5},"end":{"line":197,"column":22}}],"line":168},"7":{"loc":{"start":{"line":196,"column":7},"end":{"line":196,"column":69}},"type":"binary-expr","locations":[{"start":{"line":196,"column":7},"end":{"line":196,"column":30}},{"start":{"line":196,"column":34},"end":{"line":196,"column":69}}],"line":196}},"s":{"0":2,"1":2,"2":2,"3":2,"4":2,"5":0,"6":0,"7":0,"8":0,"9":0,"10":2,"11":0,"12":0,"13":0,"14":0,"15":0,"16":2,"17":0,"18":0,"19":0,"20":0,"21":0,"22":0,"23":0,"24":2,"25":0,"26":0,"27":0,"28":0,"29":0,"30":0,"31":0,"32":0,"33":0,"34":0,"35":2,"36":0,"37":2,"38":2,"39":2,"40":2,"41":0,"42":0,"43":0,"44":0,"45":0,"46":0,"47":0,"48":1,"49":1,"50":0,"51":1,"52":6,"53":1,"54":1,"55":1,"56":1,"57":1,"58":1,"59":0},"f":{"0":2,"1":0,"2":0,"3":0,"4":0,"5":0,"6":0,"7":0,"8":0,"9":2,"10":0,"11":0,"12":0,"13":0,"14":0,"15":0,"16":0,"17":0,"18":6,"19":1,"20":1,"21":1,"22":1,"23":1,"24":1,"25":0},"b":{"0":[2,0],"1":[2,0,0],"2":[0,0],"3":[0,0,0],"4":[2,2],"5":[2,0],"6":[2,0],"7":[0,0]},"_coverageSchema":"43e27e138ebf9cfc5966b082cf9a028302ed4184","hash":"98eda4674b2b4e673b9ce5cae9ae229e25bfd4f4"}
,"/Users/matthewkaplan/Dropbox/cross-poll/LangChat/src/components/SplashPage/SplashPage.js": {"path":"/Users/matthewkaplan/Dropbox/cross-poll/LangChat/src/components/SplashPage/SplashPage.js","statementMap":{"0":{"start":{"line":8,"column":106},"end":{"line":8,"column":112}},"1":{"start":{"line":9,"column":2},"end":{"line":23,"column":4}},"2":{"start":{"line":15,"column":27},"end":{"line":15,"column":47}},"3":{"start":{"line":18,"column":51},"end":{"line":18,"column":70}},"4":{"start":{"line":27,"column":15},"end":{"line":64,"column":2}}},"fnMap":{"0":{"name":"(anonymous_0)","decl":{"start":{"line":7,"column":1},"end":{"line":7,"column":2}},"loc":{"start":{"line":7,"column":10},"end":{"line":24,"column":2}},"line":7},"1":{"name":"(anonymous_1)","decl":{"start":{"line":15,"column":21},"end":{"line":15,"column":22}},"loc":{"start":{"line":15,"column":27},"end":{"line":15,"column":47}},"line":15},"2":{"name":"(anonymous_2)","decl":{"start":{"line":18,"column":45},"end":{"line":18,"column":46}},"loc":{"start":{"line":18,"column":51},"end":{"line":18,"column":70}},"line":18}},"branchMap":{},"s":{"0":1,"1":1,"2":0,"3":0,"4":1},"f":{"0":1,"1":0,"2":0},"b":{},"_coverageSchema":"43e27e138ebf9cfc5966b082cf9a028302ed4184","hash":"32c1f5ae9cdbe753518c0b1c295d6efaa042a8d6"}
,"/Users/matthewkaplan/Dropbox/cross-poll/LangChat/src/components/Tutorial/Tutorial.js": {"path":"/Users/matthewkaplan/Dropbox/cross-poll/LangChat/src/components/Tutorial/Tutorial.js","statementMap":{"0":{"start":{"line":5,"column":15},"end":{"line":28,"column":2}},"1":{"start":{"line":32,"column":2},"end":{"line":46,"column":4}}},"fnMap":{"0":{"name":"(anonymous_0)","decl":{"start":{"line":31,"column":1},"end":{"line":31,"column":2}},"loc":{"start":{"line":31,"column":11},"end":{"line":47,"column":2}},"line":31}},"branchMap":{},"s":{"0":1,"1":1},"f":{"0":1},"b":{},"_coverageSchema":"43e27e138ebf9cfc5966b082cf9a028302ed4184","hash":"c1a6d3ea044e158d44aeec20154e2d476d215400"}
,"/Users/matthewkaplan/Dropbox/cross-poll/LangChat/src/components/common/Button.js": {"path":"/Users/matthewkaplan/Dropbox/cross-poll/LangChat/src/components/common/Button.js","statementMap":{"0":{"start":{"line":4,"column":15},"end":{"line":11,"column":1}},"1":{"start":{"line":5,"column":36},"end":{"line":5,"column":42}},"2":{"start":{"line":6,"column":1},"end":{"line":10,"column":3}},"3":{"start":{"line":13,"column":15},"end":{"line":35,"column":1}}},"fnMap":{"0":{"name":"(anonymous_0)","decl":{"start":{"line":4,"column":15},"end":{"line":4,"column":16}},"loc":{"start":{"line":4,"column":52},"end":{"line":11,"column":1}},"line":4}},"branchMap":{},"s":{"0":7,"1":7,"2":7,"3":7},"f":{"0":7},"b":{},"_coverageSchema":"43e27e138ebf9cfc5966b082cf9a028302ed4184","hash":"422283888a2ab567cd67ce702f593e057b8650ec"}
,"/Users/matthewkaplan/Dropbox/cross-poll/LangChat/src/components/common/Input.js": {"path":"/Users/matthewkaplan/Dropbox/cross-poll/LangChat/src/components/common/Input.js","statementMap":{"0":{"start":{"line":4,"column":14},"end":{"line":20,"column":1}},"1":{"start":{"line":5,"column":52},"end":{"line":5,"column":58}},"2":{"start":{"line":7,"column":1},"end":{"line":19,"column":3}},"3":{"start":{"line":22,"column":15},"end":{"line":41,"column":1}}},"fnMap":{"0":{"name":"(anonymous_0)","decl":{"start":{"line":4,"column":14},"end":{"line":4,"column":15}},"loc":{"start":{"line":4,"column":80},"end":{"line":20,"column":1}},"line":4}},"branchMap":{},"s":{"0":4,"1":11,"2":11,"3":4},"f":{"0":11},"b":{},"_coverageSchema":"43e27e138ebf9cfc5966b082cf9a028302ed4184","hash":"a96ac067fbbcabb4d2cc407f5ff60c02d651d770"}
,"/Users/matthewkaplan/Dropbox/cross-poll/LangChat/src/reducers/AuthReducer.js": {"path":"/Users/matthewkaplan/Dropbox/cross-poll/LangChat/src/reducers/AuthReducer.js","statementMap":{"0":{"start":{"line":1,"column":22},"end":{"line":1,"column":52}},"1":{"start":{"line":4,"column":1},"end":{"line":13,"column":2}},"2":{"start":{"line":6,"column":3},"end":{"line":6,"column":46}},"3":{"start":{"line":8,"column":3},"end":{"line":8,"column":46}},"4":{"start":{"line":10,"column":3},"end":{"line":10,"column":24}},"5":{"start":{"line":12,"column":3},"end":{"line":12,"column":16}}},"fnMap":{"0":{"name":"(anonymous_0)","decl":{"start":{"line":3,"column":15},"end":{"line":3,"column":16}},"loc":{"start":{"line":3,"column":50},"end":{"line":14,"column":1}},"line":3}},"branchMap":{"0":{"loc":{"start":{"line":3,"column":16},"end":{"line":3,"column":37}},"type":"default-arg","locations":[{"start":{"line":3,"column":24},"end":{"line":3,"column":37}}],"line":3},"1":{"loc":{"start":{"line":4,"column":1},"end":{"line":13,"column":2}},"type":"switch","locations":[{"start":{"line":5,"column":2},"end":{"line":6,"column":46}},{"start":{"line":7,"column":2},"end":{"line":8,"column":46}},{"start":{"line":9,"column":2},"end":{"line":10,"column":24}},{"start":{"line":11,"column":2},"end":{"line":12,"column":16}}],"line":4}},"s":{"0":1,"1":3,"2":1,"3":1,"4":0,"5":1},"f":{"0":3},"b":{"0":[3],"1":[1,1,0,1]},"_coverageSchema":"43e27e138ebf9cfc5966b082cf9a028302ed4184","hash":"6aaff7c221a8bb38f0ff55aa2337ce7a2c0bbaa1"}
,"/Users/matthewkaplan/Dropbox/cross-poll/LangChat/src/reducers/RegisterReducer.js": {"path":"/Users/matthewkaplan/Dropbox/cross-poll/LangChat/src/reducers/RegisterReducer.js","statementMap":{"0":{"start":{"line":1,"column":22},"end":{"line":1,"column":118}},"1":{"start":{"line":4,"column":1},"end":{"line":19,"column":2}},"2":{"start":{"line":6,"column":3},"end":{"line":6,"column":47}},"3":{"start":{"line":8,"column":3},"end":{"line":8,"column":46}},"4":{"start":{"line":10,"column":3},"end":{"line":10,"column":46}},"5":{"start":{"line":12,"column":3},"end":{"line":12,"column":45}},"6":{"start":{"line":14,"column":3},"end":{"line":14,"column":43}},"7":{"start":{"line":16,"column":3},"end":{"line":16,"column":46}},"8":{"start":{"line":18,"column":3},"end":{"line":18,"column":16}}},"fnMap":{"0":{"name":"(anonymous_0)","decl":{"start":{"line":3,"column":15},"end":{"line":3,"column":16}},"loc":{"start":{"line":3,"column":50},"end":{"line":20,"column":1}},"line":3}},"branchMap":{"0":{"loc":{"start":{"line":3,"column":16},"end":{"line":3,"column":37}},"type":"default-arg","locations":[{"start":{"line":3,"column":24},"end":{"line":3,"column":37}}],"line":3},"1":{"loc":{"start":{"line":4,"column":1},"end":{"line":19,"column":2}},"type":"switch","locations":[{"start":{"line":5,"column":2},"end":{"line":6,"column":47}},{"start":{"line":7,"column":2},"end":{"line":8,"column":46}},{"start":{"line":9,"column":2},"end":{"line":10,"column":46}},{"start":{"line":11,"column":2},"end":{"line":12,"column":45}},{"start":{"line":13,"column":2},"end":{"line":14,"column":43}},{"start":{"line":15,"column":2},"end":{"line":16,"column":46}},{"start":{"line":17,"column":2},"end":{"line":18,"column":16}}],"line":4}},"s":{"0":1,"1":6,"2":1,"3":1,"4":1,"5":0,"6":1,"7":1,"8":1},"f":{"0":6},"b":{"0":[6],"1":[1,1,1,0,1,1,1]},"_coverageSchema":"43e27e138ebf9cfc5966b082cf9a028302ed4184","hash":"0247b5bbd40c8c62abd7e8d0aeda4d8dc6948ec2"}
,"/Users/matthewkaplan/Dropbox/cross-poll/LangChat/src/reducers/authenticationReducer.js": {"path":"/Users/matthewkaplan/Dropbox/cross-poll/LangChat/src/reducers/authenticationReducer.js","statementMap":{"0":{"start":{"line":2,"column":1},"end":{"line":9,"column":2}},"1":{"start":{"line":4,"column":3},"end":{"line":4,"column":15}},"2":{"start":{"line":6,"column":3},"end":{"line":6,"column":16}},"3":{"start":{"line":8,"column":3},"end":{"line":8,"column":16}}},"fnMap":{"0":{"name":"(anonymous_0)","decl":{"start":{"line":1,"column":15},"end":{"line":1,"column":16}},"loc":{"start":{"line":1,"column":42},"end":{"line":10,"column":1}},"line":1}},"branchMap":{"0":{"loc":{"start":{"line":1,"column":16},"end":{"line":1,"column":29}},"type":"default-arg","locations":[{"start":{"line":1,"column":24},"end":{"line":1,"column":29}}],"line":1},"1":{"loc":{"start":{"line":2,"column":1},"end":{"line":9,"column":2}},"type":"switch","locations":[{"start":{"line":3,"column":2},"end":{"line":4,"column":15}},{"start":{"line":5,"column":2},"end":{"line":6,"column":16}},{"start":{"line":7,"column":2},"end":{"line":8,"column":16}}],"line":2}},"s":{"0":1,"1":0,"2":0,"3":1},"f":{"0":1},"b":{"0":[1],"1":[0,0,1]},"_coverageSchema":"43e27e138ebf9cfc5966b082cf9a028302ed4184","hash":"7a59d8b6264e64369e4904320e904c198a7bc2a0"}
,"/Users/matthewkaplan/Dropbox/cross-poll/LangChat/src/reducers/cookieReducer.js": {"path":"/Users/matthewkaplan/Dropbox/cross-poll/LangChat/src/reducers/cookieReducer.js","statementMap":{"0":{"start":{"line":2,"column":27},"end":{"line":2,"column":33}},"1":{"start":{"line":3,"column":1},"end":{"line":10,"column":2}},"2":{"start":{"line":5,"column":3},"end":{"line":5,"column":25}},"3":{"start":{"line":7,"column":3},"end":{"line":7,"column":15}},"4":{"start":{"line":9,"column":3},"end":{"line":9,"column":16}}},"fnMap":{"0":{"name":"(anonymous_0)","decl":{"start":{"line":1,"column":15},"end":{"line":1,"column":16}},"loc":{"start":{"line":1,"column":41},"end":{"line":11,"column":1}},"line":1}},"branchMap":{"0":{"loc":{"start":{"line":1,"column":16},"end":{"line":1,"column":28}},"type":"default-arg","locations":[{"start":{"line":1,"column":24},"end":{"line":1,"column":28}}],"line":1},"1":{"loc":{"start":{"line":3,"column":1},"end":{"line":10,"column":2}},"type":"switch","locations":[{"start":{"line":4,"column":2},"end":{"line":5,"column":25}},{"start":{"line":6,"column":2},"end":{"line":7,"column":15}},{"start":{"line":8,"column":2},"end":{"line":9,"column":16}}],"line":3}},"s":{"0":1,"1":1,"2":0,"3":0,"4":1},"f":{"0":1},"b":{"0":[1],"1":[0,0,1]},"_coverageSchema":"43e27e138ebf9cfc5966b082cf9a028302ed4184","hash":"0b433291485e7a54d647f4848c5d7b4aac6bed2c"}
,"/Users/matthewkaplan/Dropbox/cross-poll/LangChat/src/reducers/messagesReducer.js": {"path":"/Users/matthewkaplan/Dropbox/cross-poll/LangChat/src/reducers/messagesReducer.js","statementMap":{"0":{"start":{"line":2,"column":1},"end":{"line":7,"column":2}},"1":{"start":{"line":4,"column":3},"end":{"line":4,"column":37}},"2":{"start":{"line":6,"column":3},"end":{"line":6,"column":16}}},"fnMap":{"0":{"name":"(anonymous_0)","decl":{"start":{"line":1,"column":15},"end":{"line":1,"column":16}},"loc":{"start":{"line":1,"column":39},"end":{"line":8,"column":1}},"line":1}},"branchMap":{"0":{"loc":{"start":{"line":1,"column":16},"end":{"line":1,"column":26}},"type":"default-arg","locations":[{"start":{"line":1,"column":24},"end":{"line":1,"column":26}}],"line":1},"1":{"loc":{"start":{"line":2,"column":1},"end":{"line":7,"column":2}},"type":"switch","locations":[{"start":{"line":3,"column":2},"end":{"line":4,"column":37}},{"start":{"line":5,"column":2},"end":{"line":6,"column":16}}],"line":2}},"s":{"0":2,"1":1,"2":1},"f":{"0":2},"b":{"0":[2],"1":[1,1]},"_coverageSchema":"43e27e138ebf9cfc5966b082cf9a028302ed4184","hash":"120f99d538842b29f2730227fa943c2f1cb0a8fa"}
,"/Users/matthewkaplan/Dropbox/cross-poll/LangChat/src/reducers/tokenReducer.js": {"path":"/Users/matthewkaplan/Dropbox/cross-poll/LangChat/src/reducers/tokenReducer.js","statementMap":{"0":{"start":{"line":2,"column":27},"end":{"line":2,"column":33}},"1":{"start":{"line":3,"column":1},"end":{"line":10,"column":2}},"2":{"start":{"line":5,"column":3},"end":{"line":5,"column":29}},"3":{"start":{"line":7,"column":3},"end":{"line":7,"column":15}},"4":{"start":{"line":9,"column":3},"end":{"line":9,"column":16}}},"fnMap":{"0":{"name":"(anonymous_0)","decl":{"start":{"line":1,"column":15},"end":{"line":1,"column":16}},"loc":{"start":{"line":1,"column":41},"end":{"line":11,"column":1}},"line":1}},"branchMap":{"0":{"loc":{"start":{"line":1,"column":16},"end":{"line":1,"column":28}},"type":"default-arg","locations":[{"start":{"line":1,"column":24},"end":{"line":1,"column":28}}],"line":1},"1":{"loc":{"start":{"line":3,"column":1},"end":{"line":10,"column":2}},"type":"switch","locations":[{"start":{"line":4,"column":2},"end":{"line":5,"column":29}},{"start":{"line":6,"column":2},"end":{"line":7,"column":15}},{"start":{"line":8,"column":2},"end":{"line":9,"column":16}}],"line":3}},"s":{"0":1,"1":1,"2":0,"3":0,"4":1},"f":{"0":1},"b":{"0":[1],"1":[0,0,1]},"_coverageSchema":"43e27e138ebf9cfc5966b082cf9a028302ed4184","hash":"52d2c036f6ae64010e8c9bcbf324f76a62e31663"}
,"/Users/matthewkaplan/Dropbox/cross-poll/LangChat/src/reducers/userReducer.js": {"path":"/Users/matthewkaplan/Dropbox/cross-poll/LangChat/src/reducers/userReducer.js","statementMap":{"0":{"start":{"line":2,"column":27},"end":{"line":2,"column":33}},"1":{"start":{"line":3,"column":1},"end":{"line":10,"column":2}},"2":{"start":{"line":5,"column":3},"end":{"line":5,"column":23}},"3":{"start":{"line":7,"column":3},"end":{"line":7,"column":15}},"4":{"start":{"line":9,"column":3},"end":{"line":9,"column":16}}},"fnMap":{"0":{"name":"(anonymous_0)","decl":{"start":{"line":1,"column":15},"end":{"line":1,"column":16}},"loc":{"start":{"line":1,"column":41},"end":{"line":11,"column":1}},"line":1}},"branchMap":{"0":{"loc":{"start":{"line":1,"column":16},"end":{"line":1,"column":28}},"type":"default-arg","locations":[{"start":{"line":1,"column":24},"end":{"line":1,"column":28}}],"line":1},"1":{"loc":{"start":{"line":3,"column":1},"end":{"line":10,"column":2}},"type":"switch","locations":[{"start":{"line":4,"column":2},"end":{"line":5,"column":23}},{"start":{"line":6,"column":2},"end":{"line":7,"column":15}},{"start":{"line":8,"column":2},"end":{"line":9,"column":16}}],"line":3}},"s":{"0":1,"1":1,"2":0,"3":0,"4":1},"f":{"0":1},"b":{"0":[1],"1":[0,0,1]},"_coverageSchema":"43e27e138ebf9cfc5966b082cf9a028302ed4184","hash":"d5db3164d51a7351ba6b158809883987b684e98a"}
}
