{"/Users/matthewkaplan/Dropbox/cross-poll/LangChat/src/Helper/data.js": {"path":"/Users/matthewkaplan/Dropbox/cross-poll/LangChat/src/Helper/data.js","statementMap":{"0":{"start":{"line":1,"column":18},"end":{"line":241,"column":1}},"1":{"start":{"line":243,"column":0},"end":{"line":245,"column":1}}},"fnMap":{},"branchMap":{},"s":{"0":1,"1":1},"f":{},"b":{},"_coverageSchema":"43e27e138ebf9cfc5966b082cf9a028302ed4184","hash":"d7c592c168fb80a6cc6166e18a74f223fe2dd08f"}
,"/Users/matthewkaplan/Dropbox/cross-poll/LangChat/src/actions/index.js": {"path":"/Users/matthewkaplan/Dropbox/cross-poll/LangChat/src/actions/index.js","statementMap":{"0":{"start":{"line":1,"column":30},"end":{"line":4,"column":2}},"1":{"start":{"line":1,"column":39},"end":{"line":4,"column":1}},"2":{"start":{"line":6,"column":30},"end":{"line":9,"column":2}},"3":{"start":{"line":6,"column":39},"end":{"line":9,"column":1}},"4":{"start":{"line":11,"column":27},"end":{"line":14,"column":2}},"5":{"start":{"line":11,"column":36},"end":{"line":14,"column":1}},"6":{"start":{"line":16,"column":30},"end":{"line":19,"column":2}},"7":{"start":{"line":16,"column":39},"end":{"line":19,"column":1}},"8":{"start":{"line":21,"column":31},"end":{"line":24,"column":2}},"9":{"start":{"line":21,"column":40},"end":{"line":24,"column":1}},"10":{"start":{"line":26,"column":30},"end":{"line":29,"column":2}},"11":{"start":{"line":26,"column":39},"end":{"line":29,"column":1}},"12":{"start":{"line":31,"column":30},"end":{"line":34,"column":2}},"13":{"start":{"line":31,"column":39},"end":{"line":34,"column":1}},"14":{"start":{"line":36,"column":29},"end":{"line":39,"column":2}},"15":{"start":{"line":36,"column":38},"end":{"line":39,"column":1}},"16":{"start":{"line":41,"column":26},"end":{"line":44,"column":2}},"17":{"start":{"line":41,"column":38},"end":{"line":44,"column":1}},"18":{"start":{"line":46,"column":35},"end":{"line":49,"column":2}},"19":{"start":{"line":46,"column":48},"end":{"line":49,"column":1}},"20":{"start":{"line":51,"column":21},"end":{"line":54,"column":2}},"21":{"start":{"line":51,"column":40},"end":{"line":54,"column":1}},"22":{"start":{"line":56,"column":22},"end":{"line":58,"column":2}},"23":{"start":{"line":56,"column":29},"end":{"line":58,"column":1}},"24":{"start":{"line":60,"column":27},"end":{"line":63,"column":2}},"25":{"start":{"line":60,"column":44},"end":{"line":63,"column":1}}},"fnMap":{"0":{"name":"(anonymous_0)","decl":{"start":{"line":1,"column":30},"end":{"line":1,"column":31}},"loc":{"start":{"line":1,"column":39},"end":{"line":4,"column":1}},"line":1},"1":{"name":"(anonymous_1)","decl":{"start":{"line":6,"column":30},"end":{"line":6,"column":31}},"loc":{"start":{"line":6,"column":39},"end":{"line":9,"column":1}},"line":6},"2":{"name":"(anonymous_2)","decl":{"start":{"line":11,"column":27},"end":{"line":11,"column":28}},"loc":{"start":{"line":11,"column":36},"end":{"line":14,"column":1}},"line":11},"3":{"name":"(anonymous_3)","decl":{"start":{"line":16,"column":30},"end":{"line":16,"column":31}},"loc":{"start":{"line":16,"column":39},"end":{"line":19,"column":1}},"line":16},"4":{"name":"(anonymous_4)","decl":{"start":{"line":21,"column":31},"end":{"line":21,"column":32}},"loc":{"start":{"line":21,"column":40},"end":{"line":24,"column":1}},"line":21},"5":{"name":"(anonymous_5)","decl":{"start":{"line":26,"column":30},"end":{"line":26,"column":31}},"loc":{"start":{"line":26,"column":39},"end":{"line":29,"column":1}},"line":26},"6":{"name":"(anonymous_6)","decl":{"start":{"line":31,"column":30},"end":{"line":31,"column":31}},"loc":{"start":{"line":31,"column":39},"end":{"line":34,"column":1}},"line":31},"7":{"name":"(anonymous_7)","decl":{"start":{"line":36,"column":29},"end":{"line":36,"column":30}},"loc":{"start":{"line":36,"column":38},"end":{"line":39,"column":1}},"line":36},"8":{"name":"(anonymous_8)","decl":{"start":{"line":41,"column":26},"end":{"line":41,"column":27}},"loc":{"start":{"line":41,"column":38},"end":{"line":44,"column":1}},"line":41},"9":{"name":"(anonymous_9)","decl":{"start":{"line":46,"column":35},"end":{"line":46,"column":36}},"loc":{"start":{"line":46,"column":48},"end":{"line":49,"column":1}},"line":46},"10":{"name":"(anonymous_10)","decl":{"start":{"line":51,"column":21},"end":{"line":51,"column":22}},"loc":{"start":{"line":51,"column":40},"end":{"line":54,"column":1}},"line":51},"11":{"name":"(anonymous_11)","decl":{"start":{"line":56,"column":22},"end":{"line":56,"column":23}},"loc":{"start":{"line":56,"column":29},"end":{"line":58,"column":1}},"line":56},"12":{"name":"(anonymous_12)","decl":{"start":{"line":60,"column":27},"end":{"line":60,"column":28}},"loc":{"start":{"line":60,"column":44},"end":{"line":63,"column":1}},"line":60}},"branchMap":{},"s":{"0":17,"1":4,"2":17,"3":4,"4":17,"5":4,"6":17,"7":4,"8":17,"9":4,"10":17,"11":4,"12":17,"13":4,"14":17,"15":4,"16":17,"17":4,"18":17,"19":3,"20":17,"21":8,"22":17,"23":7,"24":17,"25":12},"f":{"0":4,"1":4,"2":4,"3":4,"4":4,"5":4,"6":4,"7":4,"8":4,"9":3,"10":8,"11":7,"12":12},"b":{},"_coverageSchema":"43e27e138ebf9cfc5966b082cf9a028302ed4184","hash":"2c654737d3cefe38ac2d14d73e5862c37e5850e4"}
,"/Users/matthewkaplan/Dropbox/cross-poll/LangChat/src/components/ChatRoom/ChatRoom.js": {"path":"/Users/matthewkaplan/Dropbox/cross-poll/LangChat/src/components/ChatRoom/ChatRoom.js","statementMap":{"0":{"start":{"line":12,"column":18},"end":{"line":12,"column":31}},"1":{"start":{"line":16,"column":2},"end":{"line":16,"column":15}},"2":{"start":{"line":17,"column":2},"end":{"line":21,"column":4}},"3":{"start":{"line":23,"column":2},"end":{"line":25,"column":4}},"4":{"start":{"line":29,"column":2},"end":{"line":32,"column":5}},"5":{"start":{"line":30,"column":3},"end":{"line":30,"column":18}},"6":{"start":{"line":31,"column":3},"end":{"line":31,"column":30}},"7":{"start":{"line":36,"column":2},"end":{"line":36,"column":22}},"8":{"start":{"line":39,"column":17},"end":{"line":50,"column":2}},"9":{"start":{"line":40,"column":2},"end":{"line":49,"column":3}},"10":{"start":{"line":41,"column":15},"end":{"line":43,"column":4}},"11":{"start":{"line":44,"column":16},"end":{"line":44,"column":32}},"12":{"start":{"line":45,"column":20},"end":{"line":45,"column":36}},"13":{"start":{"line":46,"column":3},"end":{"line":46,"column":44}},"14":{"start":{"line":48,"column":3},"end":{"line":48,"column":41}},"15":{"start":{"line":52,"column":24},"end":{"line":54,"column":2}},"16":{"start":{"line":53,"column":2},"end":{"line":53,"column":52}},"17":{"start":{"line":56,"column":26},"end":{"line":58,"column":2}},"18":{"start":{"line":57,"column":2},"end":{"line":57,"column":58}},"19":{"start":{"line":60,"column":11},"end":{"line":79,"column":2}},"20":{"start":{"line":61,"column":2},"end":{"line":64,"column":4}},"21":{"start":{"line":63,"column":3},"end":{"line":63,"column":37}},"22":{"start":{"line":66,"column":2},"end":{"line":69,"column":4}},"23":{"start":{"line":67,"column":22},"end":{"line":67,"column":46}},"24":{"start":{"line":68,"column":3},"end":{"line":68,"column":57}},"25":{"start":{"line":71,"column":2},"end":{"line":74,"column":4}},"26":{"start":{"line":72,"column":3},"end":{"line":72,"column":41}},"27":{"start":{"line":73,"column":3},"end":{"line":73,"column":23}},"28":{"start":{"line":76,"column":2},"end":{"line":78,"column":4}},"29":{"start":{"line":77,"column":3},"end":{"line":77,"column":34}},"30":{"start":{"line":81,"column":15},"end":{"line":94,"column":2}},"31":{"start":{"line":82,"column":2},"end":{"line":93,"column":3}},"32":{"start":{"line":83,"column":19},"end":{"line":88,"column":4}},"33":{"start":{"line":89,"column":3},"end":{"line":89,"column":45}},"34":{"start":{"line":90,"column":3},"end":{"line":90,"column":59}},"35":{"start":{"line":92,"column":3},"end":{"line":92,"column":39}},"36":{"start":{"line":97,"column":19},"end":{"line":97,"column":92}},"37":{"start":{"line":97,"column":57},"end":{"line":97,"column":91}},"38":{"start":{"line":98,"column":2},"end":{"line":134,"column":4}},"39":{"start":{"line":108,"column":24},"end":{"line":108,"column":53}},"40":{"start":{"line":119,"column":34},"end":{"line":119,"column":60}},"41":{"start":{"line":124,"column":24},"end":{"line":124,"column":42}},"42":{"start":{"line":138,"column":31},"end":{"line":142,"column":2}},"43":{"start":{"line":138,"column":41},"end":{"line":142,"column":1}},"44":{"start":{"line":144,"column":34},"end":{"line":148,"column":2}},"45":{"start":{"line":144,"column":47},"end":{"line":148,"column":1}},"46":{"start":{"line":145,"column":24},"end":{"line":145,"column":53}},"47":{"start":{"line":146,"column":34},"end":{"line":146,"column":73}},"48":{"start":{"line":147,"column":30},"end":{"line":147,"column":65}}},"fnMap":{"0":{"name":"(anonymous_0)","decl":{"start":{"line":15,"column":1},"end":{"line":15,"column":2}},"loc":{"start":{"line":15,"column":21},"end":{"line":26,"column":2}},"line":15},"1":{"name":"(anonymous_1)","decl":{"start":{"line":28,"column":1},"end":{"line":28,"column":2}},"loc":{"start":{"line":28,"column":22},"end":{"line":33,"column":2}},"line":28},"2":{"name":"(anonymous_2)","decl":{"start":{"line":29,"column":35},"end":{"line":29,"column":36}},"loc":{"start":{"line":29,"column":47},"end":{"line":32,"column":3}},"line":29},"3":{"name":"(anonymous_3)","decl":{"start":{"line":35,"column":1},"end":{"line":35,"column":2}},"loc":{"start":{"line":35,"column":25},"end":{"line":37,"column":2}},"line":35},"4":{"name":"(anonymous_4)","decl":{"start":{"line":39,"column":17},"end":{"line":39,"column":18}},"loc":{"start":{"line":39,"column":29},"end":{"line":50,"column":2}},"line":39},"5":{"name":"(anonymous_5)","decl":{"start":{"line":52,"column":24},"end":{"line":52,"column":25}},"loc":{"start":{"line":52,"column":41},"end":{"line":54,"column":2}},"line":52},"6":{"name":"(anonymous_6)","decl":{"start":{"line":56,"column":26},"end":{"line":56,"column":27}},"loc":{"start":{"line":56,"column":32},"end":{"line":58,"column":2}},"line":56},"7":{"name":"(anonymous_7)","decl":{"start":{"line":60,"column":11},"end":{"line":60,"column":12}},"loc":{"start":{"line":60,"column":17},"end":{"line":79,"column":2}},"line":60},"8":{"name":"(anonymous_8)","decl":{"start":{"line":61,"column":23},"end":{"line":61,"column":24}},"loc":{"start":{"line":61,"column":29},"end":{"line":64,"column":3}},"line":61},"9":{"name":"(anonymous_9)","decl":{"start":{"line":66,"column":26},"end":{"line":66,"column":27}},"loc":{"start":{"line":66,"column":37},"end":{"line":69,"column":3}},"line":66},"10":{"name":"(anonymous_10)","decl":{"start":{"line":71,"column":24},"end":{"line":71,"column":25}},"loc":{"start":{"line":71,"column":33},"end":{"line":74,"column":3}},"line":71},"11":{"name":"(anonymous_11)","decl":{"start":{"line":76,"column":24},"end":{"line":76,"column":25}},"loc":{"start":{"line":76,"column":30},"end":{"line":78,"column":3}},"line":76},"12":{"name":"(anonymous_12)","decl":{"start":{"line":81,"column":15},"end":{"line":81,"column":16}},"loc":{"start":{"line":81,"column":21},"end":{"line":94,"column":2}},"line":81},"13":{"name":"(anonymous_13)","decl":{"start":{"line":96,"column":1},"end":{"line":96,"column":2}},"loc":{"start":{"line":96,"column":11},"end":{"line":135,"column":2}},"line":96},"14":{"name":"(anonymous_14)","decl":{"start":{"line":97,"column":46},"end":{"line":97,"column":47}},"loc":{"start":{"line":97,"column":57},"end":{"line":97,"column":91}},"line":97},"15":{"name":"(anonymous_15)","decl":{"start":{"line":108,"column":18},"end":{"line":108,"column":19}},"loc":{"start":{"line":108,"column":24},"end":{"line":108,"column":53}},"line":108},"16":{"name":"(anonymous_16)","decl":{"start":{"line":119,"column":23},"end":{"line":119,"column":24}},"loc":{"start":{"line":119,"column":34},"end":{"line":119,"column":60}},"line":119},"17":{"name":"(anonymous_17)","decl":{"start":{"line":124,"column":18},"end":{"line":124,"column":19}},"loc":{"start":{"line":124,"column":24},"end":{"line":124,"column":42}},"line":124},"18":{"name":"(anonymous_18)","decl":{"start":{"line":138,"column":31},"end":{"line":138,"column":32}},"loc":{"start":{"line":138,"column":41},"end":{"line":142,"column":1}},"line":138},"19":{"name":"(anonymous_19)","decl":{"start":{"line":144,"column":34},"end":{"line":144,"column":35}},"loc":{"start":{"line":144,"column":47},"end":{"line":148,"column":1}},"line":144},"20":{"name":"(anonymous_20)","decl":{"start":{"line":145,"column":13},"end":{"line":145,"column":14}},"loc":{"start":{"line":145,"column":24},"end":{"line":145,"column":53}},"line":145},"21":{"name":"(anonymous_21)","decl":{"start":{"line":146,"column":22},"end":{"line":146,"column":23}},"loc":{"start":{"line":146,"column":34},"end":{"line":146,"column":73}},"line":146},"22":{"name":"(anonymous_22)","decl":{"start":{"line":147,"column":14},"end":{"line":147,"column":15}},"loc":{"start":{"line":147,"column":30},"end":{"line":147,"column":65}},"line":147}},"branchMap":{"0":{"loc":{"start":{"line":87,"column":15},"end":{"line":87,"column":51}},"type":"binary-expr","locations":[{"start":{"line":87,"column":15},"end":{"line":87,"column":43}},{"start":{"line":87,"column":47},"end":{"line":87,"column":51}}],"line":87},"1":{"loc":{"start":{"line":101,"column":6},"end":{"line":131,"column":6}},"type":"cond-expr","locations":[{"start":{"line":102,"column":6},"end":{"line":102,"column":32}},{"start":{"line":104,"column":6},"end":{"line":130,"column":23}}],"line":101},"2":{"loc":{"start":{"line":106,"column":8},"end":{"line":113,"column":8}},"type":"binary-expr","locations":[{"start":{"line":106,"column":8},"end":{"line":106,"column":36}},{"start":{"line":107,"column":8},"end":{"line":112,"column":29}}],"line":106}},"s":{"0":1,"1":13,"2":13,"3":13,"4":16,"5":16,"6":16,"7":0,"8":13,"9":19,"10":19,"11":13,"12":13,"13":13,"14":2,"15":13,"16":1,"17":13,"18":2,"19":13,"20":16,"21":0,"22":16,"23":0,"24":0,"25":16,"26":0,"27":0,"28":16,"29":0,"30":13,"31":1,"32":1,"33":1,"34":0,"35":1,"36":49,"37":98,"38":49,"39":1,"40":1,"41":1,"42":1,"43":1,"44":1,"45":3,"46":1,"47":1,"48":1},"f":{"0":13,"1":16,"2":16,"3":0,"4":19,"5":1,"6":2,"7":16,"8":0,"9":0,"10":0,"11":0,"12":1,"13":49,"14":98,"15":1,"16":1,"17":1,"18":1,"19":3,"20":1,"21":1,"22":1},"b":{"0":[1,1],"1":[16,33],"2":[33,3]},"_coverageSchema":"43e27e138ebf9cfc5966b082cf9a028302ed4184","hash":"74ad9a0680d18f8727cbcef008314037f0061d7d"}
,"/Users/matthewkaplan/Dropbox/cross-poll/LangChat/src/components/CorrectedMessage/CorrectedMessage.js": {"path":"/Users/matthewkaplan/Dropbox/cross-poll/LangChat/src/components/CorrectedMessage/CorrectedMessage.js","statementMap":{"0":{"start":{"line":7,"column":25},"end":{"line":23,"column":1}},"1":{"start":{"line":8,"column":1},"end":{"line":22,"column":3}},"2":{"start":{"line":25,"column":0},"end":{"line":28,"column":1}}},"fnMap":{"0":{"name":"(anonymous_0)","decl":{"start":{"line":7,"column":25},"end":{"line":7,"column":26}},"loc":{"start":{"line":7,"column":34},"end":{"line":23,"column":1}},"line":7}},"branchMap":{},"s":{"0":2,"1":1,"2":2},"f":{"0":1},"b":{},"_coverageSchema":"43e27e138ebf9cfc5966b082cf9a028302ed4184","hash":"fa8ff2354011ba4a5918e125627e92e44a2a85e3"}
,"/Users/matthewkaplan/Dropbox/cross-poll/LangChat/src/components/CorrectedMessage/styles.js": {"path":"/Users/matthewkaplan/Dropbox/cross-poll/LangChat/src/components/CorrectedMessage/styles.js","statementMap":{"0":{"start":{"line":3,"column":18},"end":{"line":3,"column":27}}},"fnMap":{},"branchMap":{},"s":{"0":2},"f":{},"b":{},"_coverageSchema":"43e27e138ebf9cfc5966b082cf9a028302ed4184","hash":"0c50010ee9159efddfe8d10de26ee013ac1c8344"}
,"/Users/matthewkaplan/Dropbox/cross-poll/LangChat/src/components/ErrorPage/ErrorPage.js": {"path":"/Users/matthewkaplan/Dropbox/cross-poll/LangChat/src/components/ErrorPage/ErrorPage.js","statementMap":{"0":{"start":{"line":6,"column":25},"end":{"line":13,"column":1}},"1":{"start":{"line":7,"column":1},"end":{"line":12,"column":3}},"2":{"start":{"line":10,"column":47},"end":{"line":10,"column":61}}},"fnMap":{"0":{"name":"(anonymous_0)","decl":{"start":{"line":6,"column":25},"end":{"line":6,"column":26}},"loc":{"start":{"line":6,"column":31},"end":{"line":13,"column":1}},"line":6},"1":{"name":"(anonymous_1)","decl":{"start":{"line":10,"column":41},"end":{"line":10,"column":42}},"loc":{"start":{"line":10,"column":47},"end":{"line":10,"column":61}},"line":10}},"branchMap":{},"s":{"0":1,"1":1,"2":0},"f":{"0":1,"1":0},"b":{},"_coverageSchema":"43e27e138ebf9cfc5966b082cf9a028302ed4184","hash":"0517535ddd5fbe5ccb0aba96150ea95b06361d61"}
,"/Users/matthewkaplan/Dropbox/cross-poll/LangChat/src/components/Home/Home.js": {"path":"/Users/matthewkaplan/Dropbox/cross-poll/LangChat/src/components/Home/Home.js","statementMap":{"0":{"start":{"line":11,"column":2},"end":{"line":15,"column":4}},"1":{"start":{"line":19,"column":0},"end":{"line":21,"column":1}},"2":{"start":{"line":25,"column":31},"end":{"line":27,"column":2}},"3":{"start":{"line":25,"column":41},"end":{"line":27,"column":1}}},"fnMap":{"0":{"name":"(anonymous_0)","decl":{"start":{"line":10,"column":1},"end":{"line":10,"column":2}},"loc":{"start":{"line":10,"column":11},"end":{"line":16,"column":2}},"line":10},"1":{"name":"(anonymous_1)","decl":{"start":{"line":25,"column":31},"end":{"line":25,"column":32}},"loc":{"start":{"line":25,"column":41},"end":{"line":27,"column":1}},"line":25}},"branchMap":{"0":{"loc":{"start":{"line":13,"column":5},"end":{"line":13,"column":95}},"type":"cond-expr","locations":[{"start":{"line":13,"column":33},"end":{"line":13,"column":80}},{"start":{"line":13,"column":83},"end":{"line":13,"column":95}}],"line":13}},"s":{"0":1,"1":1,"2":1,"3":1},"f":{"0":1,"1":1},"b":{"0":[1,0]},"_coverageSchema":"43e27e138ebf9cfc5966b082cf9a028302ed4184","hash":"26e8416ec7486033c817575b24aabf389e765d24"}
,"/Users/matthewkaplan/Dropbox/cross-poll/LangChat/src/components/Home/styles.js": {"path":"/Users/matthewkaplan/Dropbox/cross-poll/LangChat/src/components/Home/styles.js","statementMap":{"0":{"start":{"line":3,"column":22},"end":{"line":8,"column":2}}},"fnMap":{},"branchMap":{},"s":{"0":1},"f":{},"b":{},"_coverageSchema":"43e27e138ebf9cfc5966b082cf9a028302ed4184","hash":"e94d8701fa4a6e738d3bf8aed614ea205dce1306"}
,"/Users/matthewkaplan/Dropbox/cross-poll/LangChat/src/components/LoginForm/LoginForm.js": {"path":"/Users/matthewkaplan/Dropbox/cross-poll/LangChat/src/components/LoginForm/LoginForm.js","statementMap":{"0":{"start":{"line":13,"column":9},"end":{"line":16,"column":2}},"1":{"start":{"line":18,"column":16},"end":{"line":24,"column":2}},"2":{"start":{"line":19,"column":2},"end":{"line":23,"column":3}},"3":{"start":{"line":20,"column":3},"end":{"line":20,"column":35}},"4":{"start":{"line":22,"column":3},"end":{"line":22,"column":35}},"5":{"start":{"line":26,"column":9},"end":{"line":46,"column":2}},"6":{"start":{"line":27,"column":2},"end":{"line":27,"column":35}},"7":{"start":{"line":28,"column":33},"end":{"line":28,"column":43}},"8":{"start":{"line":29,"column":2},"end":{"line":44,"column":3}},"9":{"start":{"line":30,"column":15},"end":{"line":34,"column":5}},"10":{"start":{"line":35,"column":16},"end":{"line":35,"column":32}},"11":{"start":{"line":37,"column":22},"end":{"line":37,"column":51}},"12":{"start":{"line":38,"column":17},"end":{"line":38,"column":53}},"13":{"start":{"line":39,"column":21},"end":{"line":39,"column":56}},"14":{"start":{"line":40,"column":3},"end":{"line":40,"column":37}},"15":{"start":{"line":41,"column":3},"end":{"line":41,"column":18}},"16":{"start":{"line":43,"column":3},"end":{"line":43,"column":41}},"17":{"start":{"line":45,"column":2},"end":{"line":45,"column":36}},"18":{"start":{"line":48,"column":12},"end":{"line":52,"column":2}},"19":{"start":{"line":49,"column":33},"end":{"line":49,"column":43}},"20":{"start":{"line":50,"column":22},"end":{"line":50,"column":32}},"21":{"start":{"line":51,"column":2},"end":{"line":51,"column":43}},"22":{"start":{"line":55,"column":78},"end":{"line":55,"column":84}},"23":{"start":{"line":56,"column":33},"end":{"line":56,"column":43}},"24":{"start":{"line":57,"column":22},"end":{"line":57,"column":32}},"25":{"start":{"line":58,"column":2},"end":{"line":93,"column":4}},"26":{"start":{"line":63,"column":20},"end":{"line":63,"column":40}},"27":{"start":{"line":73,"column":32},"end":{"line":73,"column":71}},"28":{"start":{"line":84,"column":32},"end":{"line":84,"column":71}},"29":{"start":{"line":88,"column":54},"end":{"line":88,"column":66}},"30":{"start":{"line":97,"column":0},"end":{"line":103,"column":2}},"31":{"start":{"line":104,"column":31},"end":{"line":108,"column":2}},"32":{"start":{"line":104,"column":41},"end":{"line":108,"column":1}},"33":{"start":{"line":110,"column":34},"end":{"line":115,"column":2}},"34":{"start":{"line":110,"column":47},"end":{"line":115,"column":1}},"35":{"start":{"line":111,"column":25},"end":{"line":111,"column":55}},"36":{"start":{"line":112,"column":25},"end":{"line":112,"column":55}},"37":{"start":{"line":113,"column":26},"end":{"line":113,"column":55}},"38":{"start":{"line":114,"column":30},"end":{"line":114,"column":65}}},"fnMap":{"0":{"name":"(anonymous_0)","decl":{"start":{"line":18,"column":16},"end":{"line":18,"column":17}},"loc":{"start":{"line":18,"column":33},"end":{"line":24,"column":2}},"line":18},"1":{"name":"(anonymous_1)","decl":{"start":{"line":26,"column":9},"end":{"line":26,"column":10}},"loc":{"start":{"line":26,"column":21},"end":{"line":46,"column":2}},"line":26},"2":{"name":"(anonymous_2)","decl":{"start":{"line":48,"column":12},"end":{"line":48,"column":13}},"loc":{"start":{"line":48,"column":18},"end":{"line":52,"column":2}},"line":48},"3":{"name":"(anonymous_3)","decl":{"start":{"line":54,"column":1},"end":{"line":54,"column":2}},"loc":{"start":{"line":54,"column":11},"end":{"line":94,"column":2}},"line":54},"4":{"name":"(anonymous_4)","decl":{"start":{"line":63,"column":14},"end":{"line":63,"column":15}},"loc":{"start":{"line":63,"column":20},"end":{"line":63,"column":40}},"line":63},"5":{"name":"(anonymous_5)","decl":{"start":{"line":73,"column":20},"end":{"line":73,"column":21}},"loc":{"start":{"line":73,"column":32},"end":{"line":73,"column":71}},"line":73},"6":{"name":"(anonymous_6)","decl":{"start":{"line":84,"column":20},"end":{"line":84,"column":21}},"loc":{"start":{"line":84,"column":32},"end":{"line":84,"column":71}},"line":84},"7":{"name":"(anonymous_7)","decl":{"start":{"line":88,"column":48},"end":{"line":88,"column":49}},"loc":{"start":{"line":88,"column":54},"end":{"line":88,"column":66}},"line":88},"8":{"name":"(anonymous_8)","decl":{"start":{"line":104,"column":31},"end":{"line":104,"column":32}},"loc":{"start":{"line":104,"column":41},"end":{"line":108,"column":1}},"line":104},"9":{"name":"(anonymous_9)","decl":{"start":{"line":110,"column":34},"end":{"line":110,"column":35}},"loc":{"start":{"line":110,"column":47},"end":{"line":115,"column":1}},"line":110},"10":{"name":"(anonymous_10)","decl":{"start":{"line":111,"column":17},"end":{"line":111,"column":18}},"loc":{"start":{"line":111,"column":25},"end":{"line":111,"column":55}},"line":111},"11":{"name":"(anonymous_11)","decl":{"start":{"line":112,"column":17},"end":{"line":112,"column":18}},"loc":{"start":{"line":112,"column":25},"end":{"line":112,"column":55}},"line":112},"12":{"name":"(anonymous_12)","decl":{"start":{"line":113,"column":8},"end":{"line":113,"column":9}},"loc":{"start":{"line":113,"column":26},"end":{"line":113,"column":55}},"line":113},"13":{"name":"(anonymous_13)","decl":{"start":{"line":114,"column":14},"end":{"line":114,"column":15}},"loc":{"start":{"line":114,"column":30},"end":{"line":114,"column":65}},"line":114}},"branchMap":{"0":{"loc":{"start":{"line":19,"column":2},"end":{"line":23,"column":3}},"type":"if","locations":[{"start":{"line":19,"column":2},"end":{"line":23,"column":3}},{"start":{"line":19,"column":2},"end":{"line":23,"column":3}}],"line":19},"1":{"loc":{"start":{"line":51,"column":9},"end":{"line":51,"column":42}},"type":"binary-expr","locations":[{"start":{"line":51,"column":9},"end":{"line":51,"column":18}},{"start":{"line":51,"column":22},"end":{"line":51,"column":31}},{"start":{"line":51,"column":35},"end":{"line":51,"column":42}}],"line":51}},"s":{"0":11,"1":11,"2":4,"3":2,"4":2,"5":11,"6":5,"7":5,"8":5,"9":5,"10":3,"11":3,"12":0,"13":0,"14":0,"15":0,"16":4,"17":4,"18":11,"19":21,"20":21,"21":21,"22":21,"23":21,"24":21,"25":21,"26":0,"27":1,"28":1,"29":1,"30":1,"31":1,"32":0,"33":1,"34":4,"35":1,"36":1,"37":1,"38":1},"f":{"0":4,"1":5,"2":21,"3":21,"4":0,"5":1,"6":1,"7":1,"8":0,"9":4,"10":1,"11":1,"12":1,"13":1},"b":{"0":[2,2],"1":[21,21,21]},"_coverageSchema":"43e27e138ebf9cfc5966b082cf9a028302ed4184","hash":"1129a738dcb821dd9a83c3786ab442102f93bedc"}
,"/Users/matthewkaplan/Dropbox/cross-poll/LangChat/src/components/Message/Message.js": {"path":"/Users/matthewkaplan/Dropbox/cross-poll/LangChat/src/components/Message/Message.js","statementMap":{"0":{"start":{"line":7,"column":16},"end":{"line":30,"column":1}},"1":{"start":{"line":8,"column":68},"end":{"line":8,"column":73}},"2":{"start":{"line":9,"column":22},"end":{"line":9,"column":56}},"3":{"start":{"line":10,"column":14},"end":{"line":10,"column":62}},"4":{"start":{"line":11,"column":21},"end":{"line":11,"column":89}},"5":{"start":{"line":12,"column":17},"end":{"line":12,"column":42}},"6":{"start":{"line":14,"column":1},"end":{"line":29,"column":3}},"7":{"start":{"line":15,"column":47},"end":{"line":15,"column":80}},"8":{"start":{"line":32,"column":0},"end":{"line":36,"column":2}}},"fnMap":{"0":{"name":"(anonymous_0)","decl":{"start":{"line":7,"column":16},"end":{"line":7,"column":17}},"loc":{"start":{"line":7,"column":25},"end":{"line":30,"column":1}},"line":7},"1":{"name":"(anonymous_1)","decl":{"start":{"line":15,"column":41},"end":{"line":15,"column":42}},"loc":{"start":{"line":15,"column":47},"end":{"line":15,"column":80}},"line":15}},"branchMap":{"0":{"loc":{"start":{"line":11,"column":21},"end":{"line":11,"column":89}},"type":"cond-expr","locations":[{"start":{"line":11,"column":34},"end":{"line":11,"column":41}},{"start":{"line":11,"column":44},"end":{"line":11,"column":89}}],"line":11},"1":{"loc":{"start":{"line":11,"column":44},"end":{"line":11,"column":89}},"type":"cond-expr","locations":[{"start":{"line":11,"column":57},"end":{"line":11,"column":68}},{"start":{"line":11,"column":71},"end":{"line":11,"column":89}}],"line":11}},"s":{"0":2,"1":1,"2":1,"3":1,"4":1,"5":1,"6":1,"7":0,"8":2},"f":{"0":1,"1":0},"b":{"0":[0,1],"1":[0,1]},"_coverageSchema":"43e27e138ebf9cfc5966b082cf9a028302ed4184","hash":"fea3c20843405de985666f7a2af78c9313df226c"}
,"/Users/matthewkaplan/Dropbox/cross-poll/LangChat/src/components/Message/styles.js": {"path":"/Users/matthewkaplan/Dropbox/cross-poll/LangChat/src/components/Message/styles.js","statementMap":{"0":{"start":{"line":3,"column":18},"end":{"line":3,"column":27}},"1":{"start":{"line":4,"column":17},"end":{"line":4,"column":26}}},"fnMap":{},"branchMap":{},"s":{"0":2,"1":2},"f":{},"b":{},"_coverageSchema":"43e27e138ebf9cfc5966b082cf9a028302ed4184","hash":"ca772e6e1ff8afa380675e438c6c6955dcc0a976"}
,"/Users/matthewkaplan/Dropbox/cross-poll/LangChat/src/components/Nav/Nav.js": {"path":"/Users/matthewkaplan/Dropbox/cross-poll/LangChat/src/components/Nav/Nav.js","statementMap":{"0":{"start":{"line":9,"column":2},"end":{"line":38,"column":4}},"1":{"start":{"line":12,"column":64},"end":{"line":12,"column":81}},"2":{"start":{"line":19,"column":20},"end":{"line":19,"column":92}},"3":{"start":{"line":26,"column":20},"end":{"line":26,"column":94}},"4":{"start":{"line":32,"column":63},"end":{"line":32,"column":81}}},"fnMap":{"0":{"name":"(anonymous_0)","decl":{"start":{"line":8,"column":1},"end":{"line":8,"column":2}},"loc":{"start":{"line":8,"column":11},"end":{"line":39,"column":2}},"line":8},"1":{"name":"(anonymous_1)","decl":{"start":{"line":12,"column":58},"end":{"line":12,"column":59}},"loc":{"start":{"line":12,"column":64},"end":{"line":12,"column":81}},"line":12},"2":{"name":"(anonymous_2)","decl":{"start":{"line":19,"column":14},"end":{"line":19,"column":15}},"loc":{"start":{"line":19,"column":20},"end":{"line":19,"column":92}},"line":19},"3":{"name":"(anonymous_3)","decl":{"start":{"line":26,"column":14},"end":{"line":26,"column":15}},"loc":{"start":{"line":26,"column":20},"end":{"line":26,"column":94}},"line":26},"4":{"name":"(anonymous_4)","decl":{"start":{"line":32,"column":57},"end":{"line":32,"column":58}},"loc":{"start":{"line":32,"column":63},"end":{"line":32,"column":81}},"line":32}},"branchMap":{},"s":{"0":1,"1":0,"2":0,"3":0,"4":0},"f":{"0":1,"1":0,"2":0,"3":0,"4":0},"b":{},"_coverageSchema":"43e27e138ebf9cfc5966b082cf9a028302ed4184","hash":"cdf0023cd0e5d22c42f92e6a2d28ee76842c4bdd"}
,"/Users/matthewkaplan/Dropbox/cross-poll/LangChat/src/components/Nav/styles.js": {"path":"/Users/matthewkaplan/Dropbox/cross-poll/LangChat/src/components/Nav/styles.js","statementMap":{"0":{"start":{"line":3,"column":22},"end":{"line":29,"column":2}}},"fnMap":{},"branchMap":{},"s":{"0":6},"f":{},"b":{},"_coverageSchema":"43e27e138ebf9cfc5966b082cf9a028302ed4184","hash":"273288348ac8ea2a24dae5665b87077003551044"}
,"/Users/matthewkaplan/Dropbox/cross-poll/LangChat/src/components/NavDrawer/NavDrawer.js": {"path":"/Users/matthewkaplan/Dropbox/cross-poll/LangChat/src/components/NavDrawer/NavDrawer.js","statementMap":{"0":{"start":{"line":12,"column":0},"end":{"line":12,"column":32}},"1":{"start":{"line":15,"column":9},"end":{"line":17,"column":2}},"2":{"start":{"line":20,"column":2},"end":{"line":24,"column":4}},"3":{"start":{"line":27,"column":14},"end":{"line":29,"column":2}},"4":{"start":{"line":28,"column":2},"end":{"line":28,"column":21}},"5":{"start":{"line":31,"column":15},"end":{"line":33,"column":2}},"6":{"start":{"line":32,"column":2},"end":{"line":32,"column":22}},"7":{"start":{"line":35,"column":16},"end":{"line":38,"column":2}},"8":{"start":{"line":36,"column":25},"end":{"line":36,"column":35}},"9":{"start":{"line":37,"column":2},"end":{"line":37,"column":45}},"10":{"start":{"line":40,"column":10},"end":{"line":57,"column":2}},"11":{"start":{"line":41,"column":2},"end":{"line":56,"column":3}},"12":{"start":{"line":42,"column":34},"end":{"line":42,"column":44}},"13":{"start":{"line":43,"column":3},"end":{"line":51,"column":6}},"14":{"start":{"line":52,"column":3},"end":{"line":52,"column":23}},"15":{"start":{"line":53,"column":3},"end":{"line":53,"column":24}},"16":{"start":{"line":55,"column":3},"end":{"line":55,"column":40}},"17":{"start":{"line":60,"column":2},"end":{"line":100,"column":4}},"18":{"start":{"line":65,"column":19},"end":{"line":65,"column":36}},"19":{"start":{"line":80,"column":25},"end":{"line":80,"column":42}},"20":{"start":{"line":88,"column":25},"end":{"line":88,"column":42}},"21":{"start":{"line":104,"column":0},"end":{"line":110,"column":2}},"22":{"start":{"line":112,"column":31},"end":{"line":117,"column":2}},"23":{"start":{"line":112,"column":41},"end":{"line":117,"column":1}},"24":{"start":{"line":119,"column":34},"end":{"line":122,"column":2}},"25":{"start":{"line":119,"column":47},"end":{"line":122,"column":1}},"26":{"start":{"line":120,"column":15},"end":{"line":120,"column":33}},"27":{"start":{"line":121,"column":30},"end":{"line":121,"column":65}}},"fnMap":{"0":{"name":"(anonymous_0)","decl":{"start":{"line":19,"column":1},"end":{"line":19,"column":2}},"loc":{"start":{"line":19,"column":17},"end":{"line":25,"column":2}},"line":19},"1":{"name":"(anonymous_1)","decl":{"start":{"line":27,"column":14},"end":{"line":27,"column":15}},"loc":{"start":{"line":27,"column":20},"end":{"line":29,"column":2}},"line":27},"2":{"name":"(anonymous_2)","decl":{"start":{"line":31,"column":15},"end":{"line":31,"column":16}},"loc":{"start":{"line":31,"column":21},"end":{"line":33,"column":2}},"line":31},"3":{"name":"(anonymous_3)","decl":{"start":{"line":35,"column":16},"end":{"line":35,"column":17}},"loc":{"start":{"line":35,"column":22},"end":{"line":38,"column":2}},"line":35},"4":{"name":"(anonymous_4)","decl":{"start":{"line":40,"column":10},"end":{"line":40,"column":11}},"loc":{"start":{"line":40,"column":22},"end":{"line":57,"column":2}},"line":40},"5":{"name":"(anonymous_5)","decl":{"start":{"line":59,"column":1},"end":{"line":59,"column":2}},"loc":{"start":{"line":59,"column":11},"end":{"line":101,"column":2}},"line":59},"6":{"name":"(anonymous_6)","decl":{"start":{"line":65,"column":11},"end":{"line":65,"column":12}},"loc":{"start":{"line":65,"column":19},"end":{"line":65,"column":36}},"line":65},"7":{"name":"(anonymous_7)","decl":{"start":{"line":80,"column":19},"end":{"line":80,"column":20}},"loc":{"start":{"line":80,"column":25},"end":{"line":80,"column":42}},"line":80},"8":{"name":"(anonymous_8)","decl":{"start":{"line":88,"column":19},"end":{"line":88,"column":20}},"loc":{"start":{"line":88,"column":25},"end":{"line":88,"column":42}},"line":88},"9":{"name":"(anonymous_9)","decl":{"start":{"line":112,"column":31},"end":{"line":112,"column":32}},"loc":{"start":{"line":112,"column":41},"end":{"line":117,"column":1}},"line":112},"10":{"name":"(anonymous_10)","decl":{"start":{"line":119,"column":34},"end":{"line":119,"column":35}},"loc":{"start":{"line":119,"column":47},"end":{"line":122,"column":1}},"line":119},"11":{"name":"(anonymous_11)","decl":{"start":{"line":120,"column":9},"end":{"line":120,"column":10}},"loc":{"start":{"line":120,"column":15},"end":{"line":120,"column":33}},"line":120},"12":{"name":"(anonymous_12)","decl":{"start":{"line":121,"column":14},"end":{"line":121,"column":15}},"loc":{"start":{"line":121,"column":30},"end":{"line":121,"column":65}},"line":121}},"branchMap":{"0":{"loc":{"start":{"line":75,"column":9},"end":{"line":91,"column":9}},"type":"cond-expr","locations":[{"start":{"line":76,"column":9},"end":{"line":82,"column":11}},{"start":{"line":84,"column":9},"end":{"line":90,"column":11}}],"line":75},"1":{"loc":{"start":{"line":93,"column":41},"end":{"line":93,"column":70}},"type":"binary-expr","locations":[{"start":{"line":93,"column":41},"end":{"line":93,"column":56}},{"start":{"line":93,"column":60},"end":{"line":93,"column":70}}],"line":93},"2":{"loc":{"start":{"line":96,"column":7},"end":{"line":96,"column":34}},"type":"binary-expr","locations":[{"start":{"line":96,"column":7},"end":{"line":96,"column":26}},{"start":{"line":96,"column":30},"end":{"line":96,"column":34}}],"line":96}},"s":{"0":5,"1":6,"2":7,"3":6,"4":0,"5":6,"6":0,"7":6,"8":1,"9":1,"10":6,"11":3,"12":3,"13":3,"14":2,"15":2,"16":3,"17":7,"18":0,"19":0,"20":0,"21":5,"22":5,"23":0,"24":5,"25":2,"26":1,"27":1},"f":{"0":7,"1":0,"2":0,"3":1,"4":3,"5":7,"6":0,"7":0,"8":0,"9":0,"10":2,"11":1,"12":1},"b":{"0":[1,6],"1":[7,7],"2":[7,7]},"_coverageSchema":"43e27e138ebf9cfc5966b082cf9a028302ed4184","hash":"6e8b429b6e0e622f787e8734a993c04b3b003efe"}
,"/Users/matthewkaplan/Dropbox/cross-poll/LangChat/src/components/NavDrawer/styles.js": {"path":"/Users/matthewkaplan/Dropbox/cross-poll/LangChat/src/components/NavDrawer/styles.js","statementMap":{"0":{"start":{"line":3,"column":22},"end":{"line":59,"column":1}},"1":{"start":{"line":61,"column":28},"end":{"line":69,"column":1}}},"fnMap":{},"branchMap":{},"s":{"0":5,"1":5},"f":{},"b":{},"_coverageSchema":"43e27e138ebf9cfc5966b082cf9a028302ed4184","hash":"513aab1e9d9d3987a6b53410a01790495c4f5c78"}
,"/Users/matthewkaplan/Dropbox/cross-poll/LangChat/src/components/Profile/Profile.js": {"path":"/Users/matthewkaplan/Dropbox/cross-poll/LangChat/src/components/Profile/Profile.js","statementMap":{"0":{"start":{"line":16,"column":2},"end":{"line":16,"column":15}},"1":{"start":{"line":18,"column":2},"end":{"line":21,"column":4}},"2":{"start":{"line":24,"column":15},"end":{"line":27,"column":2}},"3":{"start":{"line":25,"column":22},"end":{"line":25,"column":32}},"4":{"start":{"line":26,"column":2},"end":{"line":26,"column":39}},"5":{"start":{"line":29,"column":23},"end":{"line":33,"column":2}},"6":{"start":{"line":30,"column":21},"end":{"line":30,"column":31}},"7":{"start":{"line":32,"column":2},"end":{"line":32,"column":37}},"8":{"start":{"line":35,"column":10},"end":{"line":51,"column":2}},"9":{"start":{"line":36,"column":2},"end":{"line":50,"column":3}},"10":{"start":{"line":37,"column":34},"end":{"line":37,"column":44}},"11":{"start":{"line":38,"column":3},"end":{"line":46,"column":6}},"12":{"start":{"line":47,"column":3},"end":{"line":47,"column":24}},"13":{"start":{"line":49,"column":3},"end":{"line":49,"column":40}},"14":{"start":{"line":53,"column":93},"end":{"line":53,"column":108}},"15":{"start":{"line":56,"column":2},"end":{"line":96,"column":4}},"16":{"start":{"line":91,"column":57},"end":{"line":91,"column":70}},"17":{"start":{"line":100,"column":31},"end":{"line":106,"column":2}},"18":{"start":{"line":100,"column":41},"end":{"line":106,"column":1}},"19":{"start":{"line":108,"column":34},"end":{"line":110,"column":2}},"20":{"start":{"line":108,"column":47},"end":{"line":110,"column":1}},"21":{"start":{"line":109,"column":30},"end":{"line":109,"column":65}}},"fnMap":{"0":{"name":"(anonymous_0)","decl":{"start":{"line":11,"column":1},"end":{"line":11,"column":2}},"loc":{"start":{"line":11,"column":22},"end":{"line":14,"column":2}},"line":11},"1":{"name":"(anonymous_1)","decl":{"start":{"line":15,"column":1},"end":{"line":15,"column":2}},"loc":{"start":{"line":15,"column":21},"end":{"line":22,"column":2}},"line":15},"2":{"name":"(anonymous_2)","decl":{"start":{"line":24,"column":15},"end":{"line":24,"column":16}},"loc":{"start":{"line":24,"column":21},"end":{"line":27,"column":2}},"line":24},"3":{"name":"(anonymous_3)","decl":{"start":{"line":29,"column":23},"end":{"line":29,"column":24}},"loc":{"start":{"line":29,"column":29},"end":{"line":33,"column":2}},"line":29},"4":{"name":"(anonymous_4)","decl":{"start":{"line":35,"column":10},"end":{"line":35,"column":11}},"loc":{"start":{"line":35,"column":22},"end":{"line":51,"column":2}},"line":35},"5":{"name":"(anonymous_5)","decl":{"start":{"line":52,"column":1},"end":{"line":52,"column":2}},"loc":{"start":{"line":52,"column":11},"end":{"line":97,"column":2}},"line":52},"6":{"name":"(anonymous_6)","decl":{"start":{"line":91,"column":51},"end":{"line":91,"column":52}},"loc":{"start":{"line":91,"column":57},"end":{"line":91,"column":70}},"line":91},"7":{"name":"(anonymous_7)","decl":{"start":{"line":100,"column":31},"end":{"line":100,"column":32}},"loc":{"start":{"line":100,"column":41},"end":{"line":106,"column":1}},"line":100},"8":{"name":"(anonymous_8)","decl":{"start":{"line":108,"column":34},"end":{"line":108,"column":35}},"loc":{"start":{"line":108,"column":47},"end":{"line":110,"column":1}},"line":108},"9":{"name":"(anonymous_9)","decl":{"start":{"line":109,"column":14},"end":{"line":109,"column":15}},"loc":{"start":{"line":109,"column":30},"end":{"line":109,"column":65}},"line":109}},"branchMap":{},"s":{"0":7,"1":7,"2":7,"3":1,"4":1,"5":7,"6":1,"7":1,"8":7,"9":3,"10":3,"11":3,"12":2,"13":3,"14":9,"15":9,"16":1,"17":1,"18":0,"19":1,"20":1,"21":1},"f":{"0":7,"1":7,"2":1,"3":1,"4":3,"5":9,"6":1,"7":0,"8":1,"9":1},"b":{},"_coverageSchema":"43e27e138ebf9cfc5966b082cf9a028302ed4184","hash":"30ed5cabdde1987a25a3524a728ee02984694a90"}
,"/Users/matthewkaplan/Dropbox/cross-poll/LangChat/src/components/Profile/styles.js": {"path":"/Users/matthewkaplan/Dropbox/cross-poll/LangChat/src/components/Profile/styles.js","statementMap":{"0":{"start":{"line":3,"column":22},"end":{"line":55,"column":2}}},"fnMap":{},"branchMap":{},"s":{"0":1},"f":{},"b":{},"_coverageSchema":"43e27e138ebf9cfc5966b082cf9a028302ed4184","hash":"281da1f68a3a157808f1f736d044233ac42421d2"}
,"/Users/matthewkaplan/Dropbox/cross-poll/LangChat/src/components/SignUpForm/SignUpForm.js": {"path":"/Users/matthewkaplan/Dropbox/cross-poll/LangChat/src/components/SignUpForm/SignUpForm.js","statementMap":{"0":{"start":{"line":23,"column":9},"end":{"line":29,"column":2}},"1":{"start":{"line":31,"column":18},"end":{"line":58,"column":2}},"2":{"start":{"line":32,"column":61},"end":{"line":32,"column":71}},"3":{"start":{"line":33,"column":2},"end":{"line":42,"column":3}},"4":{"start":{"line":34,"column":3},"end":{"line":41,"column":5}},"5":{"start":{"line":37,"column":20},"end":{"line":37,"column":73}},"6":{"start":{"line":43,"column":2},"end":{"line":49,"column":3}},"7":{"start":{"line":44,"column":3},"end":{"line":48,"column":5}},"8":{"start":{"line":45,"column":27},"end":{"line":45,"column":87}},"9":{"start":{"line":50,"column":2},"end":{"line":57,"column":4}},"10":{"start":{"line":53,"column":19},"end":{"line":53,"column":34}},"11":{"start":{"line":60,"column":16},"end":{"line":78,"column":2}},"12":{"start":{"line":61,"column":20},"end":{"line":61,"column":34}},"13":{"start":{"line":62,"column":37},"end":{"line":62,"column":47}},"14":{"start":{"line":63,"column":2},"end":{"line":77,"column":4}},"15":{"start":{"line":71,"column":32},"end":{"line":71,"column":56}},"16":{"start":{"line":74,"column":5},"end":{"line":74,"column":74}},"17":{"start":{"line":80,"column":12},"end":{"line":105,"column":2}},"18":{"start":{"line":81,"column":70},"end":{"line":81,"column":80}},"19":{"start":{"line":82,"column":18},"end":{"line":91,"column":3}},"20":{"start":{"line":93,"column":2},"end":{"line":104,"column":3}},"21":{"start":{"line":94,"column":15},"end":{"line":98,"column":5}},"22":{"start":{"line":99,"column":16},"end":{"line":99,"column":32}},"23":{"start":{"line":100,"column":3},"end":{"line":100,"column":20}},"24":{"start":{"line":103,"column":3},"end":{"line":103,"column":40}},"25":{"start":{"line":107,"column":9},"end":{"line":124,"column":2}},"26":{"start":{"line":108,"column":23},"end":{"line":108,"column":27}},"27":{"start":{"line":109,"column":2},"end":{"line":123,"column":3}},"28":{"start":{"line":110,"column":15},"end":{"line":114,"column":5}},"29":{"start":{"line":115,"column":16},"end":{"line":115,"column":32}},"30":{"start":{"line":116,"column":22},"end":{"line":116,"column":51}},"31":{"start":{"line":117,"column":17},"end":{"line":117,"column":53}},"32":{"start":{"line":118,"column":21},"end":{"line":118,"column":56}},"33":{"start":{"line":119,"column":3},"end":{"line":119,"column":37}},"34":{"start":{"line":120,"column":3},"end":{"line":120,"column":22}},"35":{"start":{"line":122,"column":3},"end":{"line":122,"column":40}},"36":{"start":{"line":126,"column":20},"end":{"line":128,"column":2}},"37":{"start":{"line":127,"column":2},"end":{"line":127,"column":57}},"38":{"start":{"line":131,"column":62},"end":{"line":131,"column":68}},"39":{"start":{"line":143,"column":6},"end":{"line":143,"column":16}},"40":{"start":{"line":144,"column":2},"end":{"line":222,"column":4}},"41":{"start":{"line":149,"column":20},"end":{"line":149,"column":40}},"42":{"start":{"line":161,"column":35},"end":{"line":161,"column":61}},"43":{"start":{"line":170,"column":34},"end":{"line":170,"column":58}},"44":{"start":{"line":179,"column":34},"end":{"line":179,"column":58}},"45":{"start":{"line":193,"column":31},"end":{"line":193,"column":49}},"46":{"start":{"line":203,"column":34},"end":{"line":203,"column":58}},"47":{"start":{"line":212,"column":30},"end":{"line":212,"column":67}},"48":{"start":{"line":225,"column":0},"end":{"line":233,"column":2}},"49":{"start":{"line":235,"column":31},"end":{"line":242,"column":2}},"50":{"start":{"line":235,"column":41},"end":{"line":242,"column":1}},"51":{"start":{"line":244,"column":34},"end":{"line":253,"column":2}},"52":{"start":{"line":244,"column":47},"end":{"line":253,"column":1}},"53":{"start":{"line":245,"column":31},"end":{"line":245,"column":67}},"54":{"start":{"line":246,"column":29},"end":{"line":246,"column":63}},"55":{"start":{"line":247,"column":23},"end":{"line":247,"column":51}},"56":{"start":{"line":248,"column":29},"end":{"line":248,"column":63}},"57":{"start":{"line":249,"column":29},"end":{"line":249,"column":63}},"58":{"start":{"line":250,"column":27},"end":{"line":250,"column":59}},"59":{"start":{"line":251,"column":26},"end":{"line":251,"column":55}},"60":{"start":{"line":252,"column":30},"end":{"line":252,"column":65}}},"fnMap":{"0":{"name":"(anonymous_0)","decl":{"start":{"line":31,"column":18},"end":{"line":31,"column":19}},"loc":{"start":{"line":31,"column":24},"end":{"line":58,"column":2}},"line":31},"1":{"name":"(anonymous_1)","decl":{"start":{"line":37,"column":14},"end":{"line":37,"column":15}},"loc":{"start":{"line":37,"column":20},"end":{"line":37,"column":73}},"line":37},"2":{"name":"(anonymous_2)","decl":{"start":{"line":45,"column":21},"end":{"line":45,"column":22}},"loc":{"start":{"line":45,"column":27},"end":{"line":45,"column":87}},"line":45},"3":{"name":"(anonymous_3)","decl":{"start":{"line":53,"column":13},"end":{"line":53,"column":14}},"loc":{"start":{"line":53,"column":19},"end":{"line":53,"column":34}},"line":53},"4":{"name":"(anonymous_4)","decl":{"start":{"line":60,"column":16},"end":{"line":60,"column":17}},"loc":{"start":{"line":60,"column":22},"end":{"line":78,"column":2}},"line":60},"5":{"name":"(anonymous_5)","decl":{"start":{"line":71,"column":19},"end":{"line":71,"column":20}},"loc":{"start":{"line":71,"column":32},"end":{"line":71,"column":56}},"line":71},"6":{"name":"(anonymous_6)","decl":{"start":{"line":73,"column":19},"end":{"line":73,"column":20}},"loc":{"start":{"line":73,"column":30},"end":{"line":75,"column":5}},"line":73},"7":{"name":"(anonymous_7)","decl":{"start":{"line":80,"column":12},"end":{"line":80,"column":13}},"loc":{"start":{"line":80,"column":24},"end":{"line":105,"column":2}},"line":80},"8":{"name":"(anonymous_8)","decl":{"start":{"line":107,"column":9},"end":{"line":107,"column":10}},"loc":{"start":{"line":107,"column":23},"end":{"line":124,"column":2}},"line":107},"9":{"name":"(anonymous_9)","decl":{"start":{"line":126,"column":20},"end":{"line":126,"column":21}},"loc":{"start":{"line":126,"column":26},"end":{"line":128,"column":2}},"line":126},"10":{"name":"(anonymous_10)","decl":{"start":{"line":130,"column":1},"end":{"line":130,"column":2}},"loc":{"start":{"line":130,"column":11},"end":{"line":223,"column":2}},"line":130},"11":{"name":"(anonymous_11)","decl":{"start":{"line":149,"column":14},"end":{"line":149,"column":15}},"loc":{"start":{"line":149,"column":20},"end":{"line":149,"column":40}},"line":149},"12":{"name":"(anonymous_12)","decl":{"start":{"line":161,"column":22},"end":{"line":161,"column":23}},"loc":{"start":{"line":161,"column":35},"end":{"line":161,"column":61}},"line":161},"13":{"name":"(anonymous_13)","decl":{"start":{"line":170,"column":22},"end":{"line":170,"column":23}},"loc":{"start":{"line":170,"column":34},"end":{"line":170,"column":58}},"line":170},"14":{"name":"(anonymous_14)","decl":{"start":{"line":179,"column":22},"end":{"line":179,"column":23}},"loc":{"start":{"line":179,"column":34},"end":{"line":179,"column":58}},"line":179},"15":{"name":"(anonymous_15)","decl":{"start":{"line":193,"column":22},"end":{"line":193,"column":23}},"loc":{"start":{"line":193,"column":31},"end":{"line":193,"column":49}},"line":193},"16":{"name":"(anonymous_16)","decl":{"start":{"line":203,"column":22},"end":{"line":203,"column":23}},"loc":{"start":{"line":203,"column":34},"end":{"line":203,"column":58}},"line":203},"17":{"name":"(anonymous_17)","decl":{"start":{"line":212,"column":22},"end":{"line":212,"column":23}},"loc":{"start":{"line":212,"column":30},"end":{"line":212,"column":67}},"line":212},"18":{"name":"(anonymous_18)","decl":{"start":{"line":235,"column":31},"end":{"line":235,"column":32}},"loc":{"start":{"line":235,"column":41},"end":{"line":242,"column":1}},"line":235},"19":{"name":"(anonymous_19)","decl":{"start":{"line":244,"column":34},"end":{"line":244,"column":35}},"loc":{"start":{"line":244,"column":47},"end":{"line":253,"column":1}},"line":244},"20":{"name":"(anonymous_20)","decl":{"start":{"line":245,"column":18},"end":{"line":245,"column":19}},"loc":{"start":{"line":245,"column":31},"end":{"line":245,"column":67}},"line":245},"21":{"name":"(anonymous_21)","decl":{"start":{"line":246,"column":17},"end":{"line":246,"column":18}},"loc":{"start":{"line":246,"column":29},"end":{"line":246,"column":63}},"line":246},"22":{"name":"(anonymous_22)","decl":{"start":{"line":247,"column":14},"end":{"line":247,"column":15}},"loc":{"start":{"line":247,"column":23},"end":{"line":247,"column":51}},"line":247},"23":{"name":"(anonymous_23)","decl":{"start":{"line":248,"column":17},"end":{"line":248,"column":18}},"loc":{"start":{"line":248,"column":29},"end":{"line":248,"column":63}},"line":248},"24":{"name":"(anonymous_24)","decl":{"start":{"line":249,"column":17},"end":{"line":249,"column":18}},"loc":{"start":{"line":249,"column":29},"end":{"line":249,"column":63}},"line":249},"25":{"name":"(anonymous_25)","decl":{"start":{"line":250,"column":16},"end":{"line":250,"column":17}},"loc":{"start":{"line":250,"column":27},"end":{"line":250,"column":59}},"line":250},"26":{"name":"(anonymous_26)","decl":{"start":{"line":251,"column":8},"end":{"line":251,"column":9}},"loc":{"start":{"line":251,"column":26},"end":{"line":251,"column":55}},"line":251},"27":{"name":"(anonymous_27)","decl":{"start":{"line":252,"column":14},"end":{"line":252,"column":15}},"loc":{"start":{"line":252,"column":30},"end":{"line":252,"column":65}},"line":252}},"branchMap":{"0":{"loc":{"start":{"line":33,"column":2},"end":{"line":42,"column":3}},"type":"if","locations":[{"start":{"line":33,"column":2},"end":{"line":42,"column":3}},{"start":{"line":33,"column":2},"end":{"line":42,"column":3}}],"line":33},"1":{"loc":{"start":{"line":36,"column":15},"end":{"line":36,"column":51}},"type":"binary-expr","locations":[{"start":{"line":36,"column":15},"end":{"line":36,"column":25}},{"start":{"line":36,"column":29},"end":{"line":36,"column":38}},{"start":{"line":36,"column":42},"end":{"line":36,"column":51}}],"line":36},"2":{"loc":{"start":{"line":43,"column":2},"end":{"line":49,"column":3}},"type":"if","locations":[{"start":{"line":43,"column":2},"end":{"line":49,"column":3}},{"start":{"line":43,"column":2},"end":{"line":49,"column":3}}],"line":43},"3":{"loc":{"start":{"line":52,"column":14},"end":{"line":52,"column":62}},"type":"binary-expr","locations":[{"start":{"line":52,"column":15},"end":{"line":52,"column":21}},{"start":{"line":52,"column":25},"end":{"line":52,"column":34}},{"start":{"line":52,"column":39},"end":{"line":52,"column":62}}],"line":52},"4":{"loc":{"start":{"line":154,"column":5},"end":{"line":184,"column":5}},"type":"binary-expr","locations":[{"start":{"line":154,"column":5},"end":{"line":154,"column":24}},{"start":{"line":155,"column":5},"end":{"line":183,"column":22}}],"line":154},"5":{"loc":{"start":{"line":185,"column":5},"end":{"line":185,"column":93}},"type":"binary-expr","locations":[{"start":{"line":185,"column":5},"end":{"line":185,"column":27}},{"start":{"line":185,"column":31},"end":{"line":185,"column":93}}],"line":185},"6":{"loc":{"start":{"line":186,"column":5},"end":{"line":219,"column":5}},"type":"binary-expr","locations":[{"start":{"line":186,"column":5},"end":{"line":186,"column":31}},{"start":{"line":187,"column":5},"end":{"line":218,"column":22}}],"line":186},"7":{"loc":{"start":{"line":217,"column":7},"end":{"line":217,"column":69}},"type":"binary-expr","locations":[{"start":{"line":217,"column":7},"end":{"line":217,"column":30}},{"start":{"line":217,"column":34},"end":{"line":217,"column":69}}],"line":217}},"s":{"0":18,"1":18,"2":28,"3":28,"4":18,"5":1,"6":10,"7":3,"8":1,"9":7,"10":1,"11":18,"12":3,"13":3,"14":3,"15":1,"16":717,"17":18,"18":4,"19":4,"20":4,"21":4,"22":3,"23":3,"24":1,"25":18,"26":5,"27":5,"28":5,"29":4,"30":4,"31":0,"32":0,"33":0,"34":0,"35":5,"36":18,"37":14,"38":28,"39":28,"40":28,"41":0,"42":1,"43":1,"44":1,"45":1,"46":1,"47":1,"48":1,"49":1,"50":0,"51":1,"52":8,"53":1,"54":1,"55":1,"56":1,"57":1,"58":1,"59":1,"60":1},"f":{"0":28,"1":1,"2":1,"3":1,"4":3,"5":1,"6":717,"7":4,"8":5,"9":14,"10":28,"11":0,"12":1,"13":1,"14":1,"15":1,"16":1,"17":1,"18":0,"19":8,"20":1,"21":1,"22":1,"23":1,"24":1,"25":1,"26":1,"27":1},"b":{"0":[18,10],"1":[18,1,1],"2":[3,7],"3":[7,0,7],"4":[28,18],"5":[28,3],"6":[28,7],"7":[7,7]},"_coverageSchema":"43e27e138ebf9cfc5966b082cf9a028302ed4184","hash":"c5d43fc18186265bdf2ecac899e3c9345d13773c"}
,"/Users/matthewkaplan/Dropbox/cross-poll/LangChat/src/components/SplashPage/SplashPage.js": {"path":"/Users/matthewkaplan/Dropbox/cross-poll/LangChat/src/components/SplashPage/SplashPage.js","statementMap":{"0":{"start":{"line":17,"column":6},"end":{"line":17,"column":12}},"1":{"start":{"line":18,"column":2},"end":{"line":41,"column":4}},"2":{"start":{"line":31,"column":29},"end":{"line":31,"column":49}},"3":{"start":{"line":34,"column":53},"end":{"line":34,"column":72}}},"fnMap":{"0":{"name":"(anonymous_0)","decl":{"start":{"line":8,"column":1},"end":{"line":8,"column":2}},"loc":{"start":{"line":8,"column":10},"end":{"line":42,"column":2}},"line":8},"1":{"name":"(anonymous_1)","decl":{"start":{"line":31,"column":23},"end":{"line":31,"column":24}},"loc":{"start":{"line":31,"column":29},"end":{"line":31,"column":49}},"line":31},"2":{"name":"(anonymous_2)","decl":{"start":{"line":34,"column":47},"end":{"line":34,"column":48}},"loc":{"start":{"line":34,"column":53},"end":{"line":34,"column":72}},"line":34}},"branchMap":{},"s":{"0":1,"1":1,"2":0,"3":0},"f":{"0":1,"1":0,"2":0},"b":{},"_coverageSchema":"43e27e138ebf9cfc5966b082cf9a028302ed4184","hash":"00b490a73271a60604bfeb37163919e6c67d61c9"}
,"/Users/matthewkaplan/Dropbox/cross-poll/LangChat/src/components/TextMessage/TextMessage.js": {"path":"/Users/matthewkaplan/Dropbox/cross-poll/LangChat/src/components/TextMessage/TextMessage.js","statementMap":{"0":{"start":{"line":6,"column":20},"end":{"line":8,"column":1}},"1":{"start":{"line":7,"column":1},"end":{"line":7,"column":62}},"2":{"start":{"line":9,"column":0},"end":{"line":11,"column":2}}},"fnMap":{"0":{"name":"(anonymous_0)","decl":{"start":{"line":6,"column":20},"end":{"line":6,"column":21}},"loc":{"start":{"line":6,"column":29},"end":{"line":8,"column":1}},"line":6}},"branchMap":{},"s":{"0":1,"1":0,"2":1},"f":{"0":0},"b":{},"_coverageSchema":"43e27e138ebf9cfc5966b082cf9a028302ed4184","hash":"e2325036c612eeac1848ddb70470e8db3326e72e"}
,"/Users/matthewkaplan/Dropbox/cross-poll/LangChat/src/components/Tutorial/Tutorial.js": {"path":"/Users/matthewkaplan/Dropbox/cross-poll/LangChat/src/components/Tutorial/Tutorial.js","statementMap":{"0":{"start":{"line":10,"column":2},"end":{"line":30,"column":4}},"1":{"start":{"line":26,"column":29},"end":{"line":26,"column":46}}},"fnMap":{"0":{"name":"(anonymous_0)","decl":{"start":{"line":9,"column":1},"end":{"line":9,"column":2}},"loc":{"start":{"line":9,"column":11},"end":{"line":31,"column":2}},"line":9},"1":{"name":"(anonymous_1)","decl":{"start":{"line":26,"column":23},"end":{"line":26,"column":24}},"loc":{"start":{"line":26,"column":29},"end":{"line":26,"column":46}},"line":26}},"branchMap":{},"s":{"0":1,"1":0},"f":{"0":1,"1":0},"b":{},"_coverageSchema":"43e27e138ebf9cfc5966b082cf9a028302ed4184","hash":"290e09d9423f40ff2443bf52b720a5499af18fa5"}
,"/Users/matthewkaplan/Dropbox/cross-poll/LangChat/src/components/Tutorial/styles.js": {"path":"/Users/matthewkaplan/Dropbox/cross-poll/LangChat/src/components/Tutorial/styles.js","statementMap":{"0":{"start":{"line":3,"column":22},"end":{"line":45,"column":2}}},"fnMap":{},"branchMap":{},"s":{"0":2},"f":{},"b":{},"_coverageSchema":"43e27e138ebf9cfc5966b082cf9a028302ed4184","hash":"b7fbf892bf6beb6d968e94fa3cd848caf7f01570"}
,"/Users/matthewkaplan/Dropbox/cross-poll/LangChat/src/components/Welcome/Welcome.js": {"path":"/Users/matthewkaplan/Dropbox/cross-poll/LangChat/src/components/Welcome/Welcome.js","statementMap":{"0":{"start":{"line":10,"column":2},"end":{"line":21,"column":4}},"1":{"start":{"line":24,"column":0},"end":{"line":26,"column":2}},"2":{"start":{"line":28,"column":31},"end":{"line":30,"column":2}},"3":{"start":{"line":28,"column":41},"end":{"line":30,"column":1}}},"fnMap":{"0":{"name":"(anonymous_0)","decl":{"start":{"line":9,"column":1},"end":{"line":9,"column":2}},"loc":{"start":{"line":9,"column":11},"end":{"line":22,"column":2}},"line":9},"1":{"name":"(anonymous_1)","decl":{"start":{"line":28,"column":31},"end":{"line":28,"column":32}},"loc":{"start":{"line":28,"column":41},"end":{"line":30,"column":1}},"line":28}},"branchMap":{},"s":{"0":1,"1":2,"2":2,"3":1},"f":{"0":1,"1":1},"b":{},"_coverageSchema":"43e27e138ebf9cfc5966b082cf9a028302ed4184","hash":"3b44e17f5767985cdf38bc8deb7fecda27682f98"}
,"/Users/matthewkaplan/Dropbox/cross-poll/LangChat/src/components/Welcome/styles.js": {"path":"/Users/matthewkaplan/Dropbox/cross-poll/LangChat/src/components/Welcome/styles.js","statementMap":{"0":{"start":{"line":3,"column":22},"end":{"line":26,"column":2}}},"fnMap":{},"branchMap":{},"s":{"0":2},"f":{},"b":{},"_coverageSchema":"43e27e138ebf9cfc5966b082cf9a028302ed4184","hash":"5f1455815370c301410e7c80d4bbab37b6ae5a35"}
,"/Users/matthewkaplan/Dropbox/cross-poll/LangChat/src/components/common/Button.js": {"path":"/Users/matthewkaplan/Dropbox/cross-poll/LangChat/src/components/common/Button.js","statementMap":{"0":{"start":{"line":4,"column":15},"end":{"line":11,"column":1}},"1":{"start":{"line":5,"column":36},"end":{"line":5,"column":42}},"2":{"start":{"line":6,"column":1},"end":{"line":10,"column":3}},"3":{"start":{"line":13,"column":15},"end":{"line":29,"column":1}}},"fnMap":{"0":{"name":"(anonymous_0)","decl":{"start":{"line":4,"column":15},"end":{"line":4,"column":16}},"loc":{"start":{"line":4,"column":52},"end":{"line":11,"column":1}},"line":4}},"branchMap":{},"s":{"0":8,"1":2,"2":2,"3":8},"f":{"0":2},"b":{},"_coverageSchema":"43e27e138ebf9cfc5966b082cf9a028302ed4184","hash":"b0318ed84e91ee0e450c1eed3d1d7e07da4b23b7"}
,"/Users/matthewkaplan/Dropbox/cross-poll/LangChat/src/components/common/Input.js": {"path":"/Users/matthewkaplan/Dropbox/cross-poll/LangChat/src/components/common/Input.js","statementMap":{"0":{"start":{"line":4,"column":14},"end":{"line":20,"column":1}},"1":{"start":{"line":5,"column":47},"end":{"line":5,"column":53}},"2":{"start":{"line":7,"column":1},"end":{"line":19,"column":3}},"3":{"start":{"line":22,"column":15},"end":{"line":44,"column":1}}},"fnMap":{"0":{"name":"(anonymous_0)","decl":{"start":{"line":4,"column":14},"end":{"line":4,"column":15}},"loc":{"start":{"line":4,"column":80},"end":{"line":20,"column":1}},"line":4}},"branchMap":{},"s":{"0":3,"1":1,"2":1,"3":3},"f":{"0":1},"b":{},"_coverageSchema":"43e27e138ebf9cfc5966b082cf9a028302ed4184","hash":"aacc6b6ee14d7bf53697dc021f1e65c1e69df576"}
,"/Users/matthewkaplan/Dropbox/cross-poll/LangChat/src/reducers/AuthReducer.js": {"path":"/Users/matthewkaplan/Dropbox/cross-poll/LangChat/src/reducers/AuthReducer.js","statementMap":{"0":{"start":{"line":1,"column":22},"end":{"line":1,"column":52}},"1":{"start":{"line":4,"column":1},"end":{"line":13,"column":2}},"2":{"start":{"line":6,"column":3},"end":{"line":6,"column":46}},"3":{"start":{"line":8,"column":3},"end":{"line":8,"column":46}},"4":{"start":{"line":10,"column":3},"end":{"line":10,"column":24}},"5":{"start":{"line":12,"column":3},"end":{"line":12,"column":16}}},"fnMap":{"0":{"name":"(anonymous_0)","decl":{"start":{"line":3,"column":15},"end":{"line":3,"column":16}},"loc":{"start":{"line":3,"column":50},"end":{"line":14,"column":1}},"line":3}},"branchMap":{"0":{"loc":{"start":{"line":3,"column":16},"end":{"line":3,"column":37}},"type":"default-arg","locations":[{"start":{"line":3,"column":24},"end":{"line":3,"column":37}}],"line":3},"1":{"loc":{"start":{"line":4,"column":1},"end":{"line":13,"column":2}},"type":"switch","locations":[{"start":{"line":5,"column":2},"end":{"line":6,"column":46}},{"start":{"line":7,"column":2},"end":{"line":8,"column":46}},{"start":{"line":9,"column":2},"end":{"line":10,"column":24}},{"start":{"line":11,"column":2},"end":{"line":12,"column":16}}],"line":4}},"s":{"0":1,"1":4,"2":1,"3":1,"4":1,"5":1},"f":{"0":4},"b":{"0":[4],"1":[1,1,1,1]},"_coverageSchema":"43e27e138ebf9cfc5966b082cf9a028302ed4184","hash":"6aaff7c221a8bb38f0ff55aa2337ce7a2c0bbaa1"}
,"/Users/matthewkaplan/Dropbox/cross-poll/LangChat/src/reducers/RegisterReducer.js": {"path":"/Users/matthewkaplan/Dropbox/cross-poll/LangChat/src/reducers/RegisterReducer.js","statementMap":{"0":{"start":{"line":1,"column":22},"end":{"line":1,"column":118}},"1":{"start":{"line":4,"column":1},"end":{"line":19,"column":2}},"2":{"start":{"line":6,"column":3},"end":{"line":6,"column":47}},"3":{"start":{"line":8,"column":3},"end":{"line":8,"column":46}},"4":{"start":{"line":10,"column":3},"end":{"line":10,"column":46}},"5":{"start":{"line":12,"column":3},"end":{"line":12,"column":45}},"6":{"start":{"line":14,"column":3},"end":{"line":14,"column":43}},"7":{"start":{"line":16,"column":3},"end":{"line":16,"column":46}},"8":{"start":{"line":18,"column":3},"end":{"line":18,"column":16}}},"fnMap":{"0":{"name":"(anonymous_0)","decl":{"start":{"line":3,"column":15},"end":{"line":3,"column":16}},"loc":{"start":{"line":3,"column":50},"end":{"line":20,"column":1}},"line":3}},"branchMap":{"0":{"loc":{"start":{"line":3,"column":16},"end":{"line":3,"column":37}},"type":"default-arg","locations":[{"start":{"line":3,"column":24},"end":{"line":3,"column":37}}],"line":3},"1":{"loc":{"start":{"line":4,"column":1},"end":{"line":19,"column":2}},"type":"switch","locations":[{"start":{"line":5,"column":2},"end":{"line":6,"column":47}},{"start":{"line":7,"column":2},"end":{"line":8,"column":46}},{"start":{"line":9,"column":2},"end":{"line":10,"column":46}},{"start":{"line":11,"column":2},"end":{"line":12,"column":45}},{"start":{"line":13,"column":2},"end":{"line":14,"column":43}},{"start":{"line":15,"column":2},"end":{"line":16,"column":46}},{"start":{"line":17,"column":2},"end":{"line":18,"column":16}}],"line":4}},"s":{"0":1,"1":7,"2":1,"3":1,"4":1,"5":1,"6":1,"7":1,"8":1},"f":{"0":7},"b":{"0":[7],"1":[1,1,1,1,1,1,1]},"_coverageSchema":"43e27e138ebf9cfc5966b082cf9a028302ed4184","hash":"0247b5bbd40c8c62abd7e8d0aeda4d8dc6948ec2"}
,"/Users/matthewkaplan/Dropbox/cross-poll/LangChat/src/reducers/authenticationReducer.js": {"path":"/Users/matthewkaplan/Dropbox/cross-poll/LangChat/src/reducers/authenticationReducer.js","statementMap":{"0":{"start":{"line":2,"column":1},"end":{"line":9,"column":2}},"1":{"start":{"line":4,"column":3},"end":{"line":4,"column":15}},"2":{"start":{"line":6,"column":3},"end":{"line":6,"column":16}},"3":{"start":{"line":8,"column":3},"end":{"line":8,"column":16}}},"fnMap":{"0":{"name":"(anonymous_0)","decl":{"start":{"line":1,"column":15},"end":{"line":1,"column":16}},"loc":{"start":{"line":1,"column":42},"end":{"line":10,"column":1}},"line":1}},"branchMap":{"0":{"loc":{"start":{"line":1,"column":16},"end":{"line":1,"column":29}},"type":"default-arg","locations":[{"start":{"line":1,"column":24},"end":{"line":1,"column":29}}],"line":1},"1":{"loc":{"start":{"line":2,"column":1},"end":{"line":9,"column":2}},"type":"switch","locations":[{"start":{"line":3,"column":2},"end":{"line":4,"column":15}},{"start":{"line":5,"column":2},"end":{"line":6,"column":16}},{"start":{"line":7,"column":2},"end":{"line":8,"column":16}}],"line":2}},"s":{"0":3,"1":1,"2":1,"3":1},"f":{"0":3},"b":{"0":[3],"1":[1,1,1]},"_coverageSchema":"43e27e138ebf9cfc5966b082cf9a028302ed4184","hash":"7a59d8b6264e64369e4904320e904c198a7bc2a0"}
,"/Users/matthewkaplan/Dropbox/cross-poll/LangChat/src/reducers/cookieReducer.js": {"path":"/Users/matthewkaplan/Dropbox/cross-poll/LangChat/src/reducers/cookieReducer.js","statementMap":{"0":{"start":{"line":2,"column":27},"end":{"line":2,"column":33}},"1":{"start":{"line":3,"column":1},"end":{"line":10,"column":2}},"2":{"start":{"line":5,"column":3},"end":{"line":5,"column":25}},"3":{"start":{"line":7,"column":3},"end":{"line":7,"column":15}},"4":{"start":{"line":9,"column":3},"end":{"line":9,"column":16}}},"fnMap":{"0":{"name":"(anonymous_0)","decl":{"start":{"line":1,"column":15},"end":{"line":1,"column":16}},"loc":{"start":{"line":1,"column":41},"end":{"line":11,"column":1}},"line":1}},"branchMap":{"0":{"loc":{"start":{"line":1,"column":16},"end":{"line":1,"column":28}},"type":"default-arg","locations":[{"start":{"line":1,"column":24},"end":{"line":1,"column":28}}],"line":1},"1":{"loc":{"start":{"line":3,"column":1},"end":{"line":10,"column":2}},"type":"switch","locations":[{"start":{"line":4,"column":2},"end":{"line":5,"column":25}},{"start":{"line":6,"column":2},"end":{"line":7,"column":15}},{"start":{"line":8,"column":2},"end":{"line":9,"column":16}}],"line":3}},"s":{"0":3,"1":3,"2":1,"3":1,"4":1},"f":{"0":3},"b":{"0":[3],"1":[1,1,1]},"_coverageSchema":"43e27e138ebf9cfc5966b082cf9a028302ed4184","hash":"0b433291485e7a54d647f4848c5d7b4aac6bed2c"}
,"/Users/matthewkaplan/Dropbox/cross-poll/LangChat/src/reducers/handleErrorReducer.js": {"path":"/Users/matthewkaplan/Dropbox/cross-poll/LangChat/src/reducers/handleErrorReducer.js","statementMap":{"0":{"start":{"line":2,"column":2},"end":{"line":7,"column":3}},"1":{"start":{"line":4,"column":6},"end":{"line":4,"column":33}},"2":{"start":{"line":6,"column":6},"end":{"line":6,"column":19}}},"fnMap":{"0":{"name":"(anonymous_0)","decl":{"start":{"line":1,"column":15},"end":{"line":1,"column":16}},"loc":{"start":{"line":1,"column":39},"end":{"line":8,"column":1}},"line":1}},"branchMap":{"0":{"loc":{"start":{"line":1,"column":16},"end":{"line":1,"column":26}},"type":"default-arg","locations":[{"start":{"line":1,"column":24},"end":{"line":1,"column":26}}],"line":1},"1":{"loc":{"start":{"line":2,"column":2},"end":{"line":7,"column":3}},"type":"switch","locations":[{"start":{"line":3,"column":4},"end":{"line":4,"column":33}},{"start":{"line":5,"column":4},"end":{"line":6,"column":19}}],"line":2}},"s":{"0":2,"1":1,"2":1},"f":{"0":2},"b":{"0":[2],"1":[1,1]},"_coverageSchema":"43e27e138ebf9cfc5966b082cf9a028302ed4184","hash":"8c07935a08e6cf9afca71a1c472f30fdf26af901"}
,"/Users/matthewkaplan/Dropbox/cross-poll/LangChat/src/reducers/messagesReducer.js": {"path":"/Users/matthewkaplan/Dropbox/cross-poll/LangChat/src/reducers/messagesReducer.js","statementMap":{"0":{"start":{"line":2,"column":27},"end":{"line":2,"column":33}},"1":{"start":{"line":3,"column":1},"end":{"line":13,"column":2}},"2":{"start":{"line":5,"column":3},"end":{"line":5,"column":37}},"3":{"start":{"line":7,"column":20},"end":{"line":9,"column":5}},"4":{"start":{"line":8,"column":4},"end":{"line":8,"column":62}},"5":{"start":{"line":10,"column":3},"end":{"line":10,"column":34}},"6":{"start":{"line":12,"column":3},"end":{"line":12,"column":16}}},"fnMap":{"0":{"name":"(anonymous_0)","decl":{"start":{"line":1,"column":15},"end":{"line":1,"column":16}},"loc":{"start":{"line":1,"column":39},"end":{"line":14,"column":1}},"line":1},"1":{"name":"(anonymous_1)","decl":{"start":{"line":7,"column":44},"end":{"line":7,"column":45}},"loc":{"start":{"line":7,"column":49},"end":{"line":9,"column":4}},"line":7}},"branchMap":{"0":{"loc":{"start":{"line":1,"column":16},"end":{"line":1,"column":26}},"type":"default-arg","locations":[{"start":{"line":1,"column":24},"end":{"line":1,"column":26}}],"line":1},"1":{"loc":{"start":{"line":3,"column":1},"end":{"line":13,"column":2}},"type":"switch","locations":[{"start":{"line":4,"column":2},"end":{"line":5,"column":37}},{"start":{"line":6,"column":2},"end":{"line":10,"column":34}},{"start":{"line":11,"column":2},"end":{"line":12,"column":16}}],"line":3}},"s":{"0":3,"1":3,"2":1,"3":1,"4":2,"5":1,"6":1},"f":{"0":3,"1":2},"b":{"0":[3],"1":[1,1,1]},"_coverageSchema":"43e27e138ebf9cfc5966b082cf9a028302ed4184","hash":"ea6df185511accd1e2980104e506d84b7fb5d8c6"}
,"/Users/matthewkaplan/Dropbox/cross-poll/LangChat/src/reducers/tokenReducer.js": {"path":"/Users/matthewkaplan/Dropbox/cross-poll/LangChat/src/reducers/tokenReducer.js","statementMap":{"0":{"start":{"line":2,"column":27},"end":{"line":2,"column":33}},"1":{"start":{"line":3,"column":1},"end":{"line":10,"column":2}},"2":{"start":{"line":5,"column":3},"end":{"line":5,"column":29}},"3":{"start":{"line":7,"column":3},"end":{"line":7,"column":15}},"4":{"start":{"line":9,"column":3},"end":{"line":9,"column":16}}},"fnMap":{"0":{"name":"(anonymous_0)","decl":{"start":{"line":1,"column":15},"end":{"line":1,"column":16}},"loc":{"start":{"line":1,"column":41},"end":{"line":11,"column":1}},"line":1}},"branchMap":{"0":{"loc":{"start":{"line":1,"column":16},"end":{"line":1,"column":28}},"type":"default-arg","locations":[{"start":{"line":1,"column":24},"end":{"line":1,"column":28}}],"line":1},"1":{"loc":{"start":{"line":3,"column":1},"end":{"line":10,"column":2}},"type":"switch","locations":[{"start":{"line":4,"column":2},"end":{"line":5,"column":29}},{"start":{"line":6,"column":2},"end":{"line":7,"column":15}},{"start":{"line":8,"column":2},"end":{"line":9,"column":16}}],"line":3}},"s":{"0":3,"1":3,"2":1,"3":1,"4":1},"f":{"0":3},"b":{"0":[3],"1":[1,1,1]},"_coverageSchema":"43e27e138ebf9cfc5966b082cf9a028302ed4184","hash":"52d2c036f6ae64010e8c9bcbf324f76a62e31663"}
,"/Users/matthewkaplan/Dropbox/cross-poll/LangChat/src/reducers/userReducer.js": {"path":"/Users/matthewkaplan/Dropbox/cross-poll/LangChat/src/reducers/userReducer.js","statementMap":{"0":{"start":{"line":2,"column":27},"end":{"line":2,"column":33}},"1":{"start":{"line":3,"column":1},"end":{"line":10,"column":2}},"2":{"start":{"line":5,"column":3},"end":{"line":5,"column":23}},"3":{"start":{"line":7,"column":3},"end":{"line":7,"column":15}},"4":{"start":{"line":9,"column":3},"end":{"line":9,"column":16}}},"fnMap":{"0":{"name":"(anonymous_0)","decl":{"start":{"line":1,"column":15},"end":{"line":1,"column":16}},"loc":{"start":{"line":1,"column":41},"end":{"line":11,"column":1}},"line":1}},"branchMap":{"0":{"loc":{"start":{"line":1,"column":16},"end":{"line":1,"column":28}},"type":"default-arg","locations":[{"start":{"line":1,"column":24},"end":{"line":1,"column":28}}],"line":1},"1":{"loc":{"start":{"line":3,"column":1},"end":{"line":10,"column":2}},"type":"switch","locations":[{"start":{"line":4,"column":2},"end":{"line":5,"column":23}},{"start":{"line":6,"column":2},"end":{"line":7,"column":15}},{"start":{"line":8,"column":2},"end":{"line":9,"column":16}}],"line":3}},"s":{"0":3,"1":3,"2":1,"3":1,"4":1},"f":{"0":3},"b":{"0":[3],"1":[1,1,1]},"_coverageSchema":"43e27e138ebf9cfc5966b082cf9a028302ed4184","hash":"d5db3164d51a7351ba6b158809883987b684e98a"}
}
