TN:
SF:/Users/matthewkaplan/Dropbox/cross-poll/LangChat/src/Helper/data.js
FNF:0
FNH:0
DA:1,1
DA:243,1
LF:2
LH:2
BRF:0
BRH:0
end_of_record
TN:
SF:/Users/matthewkaplan/Dropbox/cross-poll/LangChat/src/actions/index.js
FN:1,(anonymous_0)
FN:6,(anonymous_1)
FN:11,(anonymous_2)
FN:16,(anonymous_3)
FN:21,(anonymous_4)
FN:26,(anonymous_5)
FN:31,(anonymous_6)
FN:36,(anonymous_7)
FN:41,(anonymous_8)
FN:46,(anonymous_9)
FN:51,(anonymous_10)
FN:56,(anonymous_11)
FN:60,(anonymous_12)
FNF:13
FNH:13
FNDA:4,(anonymous_0)
FNDA:4,(anonymous_1)
FNDA:4,(anonymous_2)
FNDA:4,(anonymous_3)
FNDA:4,(anonymous_4)
FNDA:4,(anonymous_5)
FNDA:4,(anonymous_6)
FNDA:4,(anonymous_7)
FNDA:4,(anonymous_8)
FNDA:3,(anonymous_9)
FNDA:8,(anonymous_10)
FNDA:7,(anonymous_11)
FNDA:12,(anonymous_12)
DA:1,17
DA:6,17
DA:11,17
DA:16,17
DA:21,17
DA:26,17
DA:31,17
DA:36,17
DA:41,17
DA:46,17
DA:51,17
DA:56,17
DA:60,17
LF:13
LH:13
BRF:0
BRH:0
end_of_record
TN:
SF:/Users/matthewkaplan/Dropbox/cross-poll/LangChat/src/components/ChatRoom/ChatRoom.js
FN:15,(anonymous_0)
FN:28,(anonymous_1)
FN:29,(anonymous_2)
FN:35,(anonymous_3)
FN:39,(anonymous_4)
FN:52,(anonymous_5)
FN:56,(anonymous_6)
FN:60,(anonymous_7)
FN:61,(anonymous_8)
FN:66,(anonymous_9)
FN:71,(anonymous_10)
FN:76,(anonymous_11)
FN:81,(anonymous_12)
FN:96,(anonymous_13)
FN:97,(anonymous_14)
FN:108,(anonymous_15)
FN:119,(anonymous_16)
FN:124,(anonymous_17)
FN:138,(anonymous_18)
FN:144,(anonymous_19)
FN:145,(anonymous_20)
FN:146,(anonymous_21)
FN:147,(anonymous_22)
FNF:23
FNH:18
FNDA:13,(anonymous_0)
FNDA:16,(anonymous_1)
FNDA:16,(anonymous_2)
FNDA:0,(anonymous_3)
FNDA:19,(anonymous_4)
FNDA:1,(anonymous_5)
FNDA:2,(anonymous_6)
FNDA:16,(anonymous_7)
FNDA:0,(anonymous_8)
FNDA:0,(anonymous_9)
FNDA:0,(anonymous_10)
FNDA:0,(anonymous_11)
FNDA:1,(anonymous_12)
FNDA:49,(anonymous_13)
FNDA:98,(anonymous_14)
FNDA:1,(anonymous_15)
FNDA:1,(anonymous_16)
FNDA:1,(anonymous_17)
FNDA:1,(anonymous_18)
FNDA:3,(anonymous_19)
FNDA:1,(anonymous_20)
FNDA:1,(anonymous_21)
FNDA:1,(anonymous_22)
DA:12,1
DA:16,13
DA:17,13
DA:23,13
DA:29,16
DA:30,16
DA:31,16
DA:36,0
DA:39,13
DA:40,19
DA:41,19
DA:44,13
DA:45,13
DA:46,13
DA:48,2
DA:52,13
DA:53,1
DA:56,13
DA:57,2
DA:60,13
DA:61,16
DA:63,0
DA:66,16
DA:67,0
DA:68,0
DA:71,16
DA:72,0
DA:73,0
DA:76,16
DA:77,0
DA:81,13
DA:82,1
DA:83,1
DA:89,1
DA:90,0
DA:92,1
DA:97,98
DA:98,49
DA:108,1
DA:119,1
DA:124,1
DA:138,1
DA:144,3
DA:145,1
DA:146,1
DA:147,1
LF:46
LH:38
BRDA:87,0,0,1
BRDA:87,0,1,1
BRDA:101,1,0,16
BRDA:101,1,1,33
BRDA:106,2,0,33
BRDA:106,2,1,3
BRF:6
BRH:6
end_of_record
TN:
SF:/Users/matthewkaplan/Dropbox/cross-poll/LangChat/src/components/CorrectedMessage/CorrectedMessage.js
FN:7,(anonymous_0)
FNF:1
FNH:1
FNDA:1,(anonymous_0)
DA:7,2
DA:8,1
DA:25,2
LF:3
LH:3
BRF:0
BRH:0
end_of_record
TN:
SF:/Users/matthewkaplan/Dropbox/cross-poll/LangChat/src/components/CorrectedMessage/styles.js
FNF:0
FNH:0
DA:3,2
LF:1
LH:1
BRF:0
BRH:0
end_of_record
TN:
SF:/Users/matthewkaplan/Dropbox/cross-poll/LangChat/src/components/ErrorPage/ErrorPage.js
FN:6,(anonymous_0)
FN:10,(anonymous_1)
FNF:2
FNH:1
FNDA:1,(anonymous_0)
FNDA:0,(anonymous_1)
DA:6,1
DA:7,1
DA:10,0
LF:3
LH:2
BRF:0
BRH:0
end_of_record
TN:
SF:/Users/matthewkaplan/Dropbox/cross-poll/LangChat/src/components/Home/Home.js
FN:10,(anonymous_0)
FN:25,(anonymous_1)
FNF:2
FNH:2
FNDA:1,(anonymous_0)
FNDA:1,(anonymous_1)
DA:11,1
DA:19,1
DA:25,1
LF:3
LH:3
BRDA:13,0,0,1
BRDA:13,0,1,0
BRF:2
BRH:1
end_of_record
TN:
SF:/Users/matthewkaplan/Dropbox/cross-poll/LangChat/src/components/Home/styles.js
FNF:0
FNH:0
DA:3,1
LF:1
LH:1
BRF:0
BRH:0
end_of_record
TN:
SF:/Users/matthewkaplan/Dropbox/cross-poll/LangChat/src/components/LoginForm/LoginForm.js
FN:18,(anonymous_0)
FN:26,(anonymous_1)
FN:48,(anonymous_2)
FN:54,(anonymous_3)
FN:63,(anonymous_4)
FN:73,(anonymous_5)
FN:84,(anonymous_6)
FN:88,(anonymous_7)
FN:104,(anonymous_8)
FN:110,(anonymous_9)
FN:111,(anonymous_10)
FN:112,(anonymous_11)
FN:113,(anonymous_12)
FN:114,(anonymous_13)
FNF:14
FNH:12
FNDA:4,(anonymous_0)
FNDA:5,(anonymous_1)
FNDA:21,(anonymous_2)
FNDA:21,(anonymous_3)
FNDA:0,(anonymous_4)
FNDA:1,(anonymous_5)
FNDA:1,(anonymous_6)
FNDA:1,(anonymous_7)
FNDA:0,(anonymous_8)
FNDA:4,(anonymous_9)
FNDA:1,(anonymous_10)
FNDA:1,(anonymous_11)
FNDA:1,(anonymous_12)
FNDA:1,(anonymous_13)
DA:13,11
DA:18,11
DA:19,4
DA:20,2
DA:22,2
DA:26,11
DA:27,5
DA:28,5
DA:29,5
DA:30,5
DA:35,3
DA:37,3
DA:38,0
DA:39,0
DA:40,0
DA:41,0
DA:43,4
DA:45,4
DA:48,11
DA:49,21
DA:50,21
DA:51,21
DA:55,21
DA:56,21
DA:57,21
DA:58,21
DA:63,0
DA:73,1
DA:84,1
DA:88,1
DA:97,1
DA:104,1
DA:110,4
DA:111,1
DA:112,1
DA:113,1
DA:114,1
LF:37
LH:32
BRDA:19,0,0,2
BRDA:19,0,1,2
BRDA:51,1,0,21
BRDA:51,1,1,21
BRDA:51,1,2,21
BRF:5
BRH:5
end_of_record
TN:
SF:/Users/matthewkaplan/Dropbox/cross-poll/LangChat/src/components/Message/Message.js
FN:7,(anonymous_0)
FN:15,(anonymous_1)
FNF:2
FNH:1
FNDA:1,(anonymous_0)
FNDA:0,(anonymous_1)
DA:7,2
DA:8,1
DA:9,1
DA:10,1
DA:11,1
DA:12,1
DA:14,1
DA:15,0
DA:32,2
LF:9
LH:8
BRDA:11,0,0,0
BRDA:11,0,1,1
BRDA:11,1,0,0
BRDA:11,1,1,1
BRF:4
BRH:2
end_of_record
TN:
SF:/Users/matthewkaplan/Dropbox/cross-poll/LangChat/src/components/Message/styles.js
FNF:0
FNH:0
DA:3,2
DA:4,2
LF:2
LH:2
BRF:0
BRH:0
end_of_record
TN:
SF:/Users/matthewkaplan/Dropbox/cross-poll/LangChat/src/components/Nav/Nav.js
FN:8,(anonymous_0)
FN:12,(anonymous_1)
FN:19,(anonymous_2)
FN:26,(anonymous_3)
FN:32,(anonymous_4)
FNF:5
FNH:1
FNDA:1,(anonymous_0)
FNDA:0,(anonymous_1)
FNDA:0,(anonymous_2)
FNDA:0,(anonymous_3)
FNDA:0,(anonymous_4)
DA:9,1
DA:12,0
DA:19,0
DA:26,0
DA:32,0
LF:5
LH:1
BRF:0
BRH:0
end_of_record
TN:
SF:/Users/matthewkaplan/Dropbox/cross-poll/LangChat/src/components/Nav/styles.js
FNF:0
FNH:0
DA:3,6
LF:1
LH:1
BRF:0
BRH:0
end_of_record
TN:
SF:/Users/matthewkaplan/Dropbox/cross-poll/LangChat/src/components/NavDrawer/NavDrawer.js
FN:19,(anonymous_0)
FN:27,(anonymous_1)
FN:31,(anonymous_2)
FN:35,(anonymous_3)
FN:40,(anonymous_4)
FN:59,(anonymous_5)
FN:65,(anonymous_6)
FN:80,(anonymous_7)
FN:88,(anonymous_8)
FN:112,(anonymous_9)
FN:119,(anonymous_10)
FN:120,(anonymous_11)
FN:121,(anonymous_12)
FNF:13
FNH:7
FNDA:7,(anonymous_0)
FNDA:0,(anonymous_1)
FNDA:0,(anonymous_2)
FNDA:1,(anonymous_3)
FNDA:3,(anonymous_4)
FNDA:7,(anonymous_5)
FNDA:0,(anonymous_6)
FNDA:0,(anonymous_7)
FNDA:0,(anonymous_8)
FNDA:0,(anonymous_9)
FNDA:2,(anonymous_10)
FNDA:1,(anonymous_11)
FNDA:1,(anonymous_12)
DA:12,5
DA:15,6
DA:20,7
DA:27,6
DA:28,0
DA:31,6
DA:32,0
DA:35,6
DA:36,1
DA:37,1
DA:40,6
DA:41,3
DA:42,3
DA:43,3
DA:52,2
DA:53,2
DA:55,3
DA:60,7
DA:65,0
DA:80,0
DA:88,0
DA:104,5
DA:112,5
DA:119,5
DA:120,1
DA:121,1
LF:26
LH:21
BRDA:75,0,0,1
BRDA:75,0,1,6
BRDA:93,1,0,7
BRDA:93,1,1,7
BRDA:96,2,0,7
BRDA:96,2,1,7
BRF:6
BRH:6
end_of_record
TN:
SF:/Users/matthewkaplan/Dropbox/cross-poll/LangChat/src/components/NavDrawer/styles.js
FNF:0
FNH:0
DA:3,5
DA:61,5
LF:2
LH:2
BRF:0
BRH:0
end_of_record
TN:
SF:/Users/matthewkaplan/Dropbox/cross-poll/LangChat/src/components/Profile/Profile.js
FN:11,(anonymous_0)
FN:15,(anonymous_1)
FN:24,(anonymous_2)
FN:29,(anonymous_3)
FN:35,(anonymous_4)
FN:52,(anonymous_5)
FN:91,(anonymous_6)
FN:100,(anonymous_7)
FN:108,(anonymous_8)
FN:109,(anonymous_9)
FNF:10
FNH:9
FNDA:7,(anonymous_0)
FNDA:7,(anonymous_1)
FNDA:1,(anonymous_2)
FNDA:1,(anonymous_3)
FNDA:3,(anonymous_4)
FNDA:9,(anonymous_5)
FNDA:1,(anonymous_6)
FNDA:0,(anonymous_7)
FNDA:1,(anonymous_8)
FNDA:1,(anonymous_9)
DA:16,7
DA:18,7
DA:24,7
DA:25,1
DA:26,1
DA:29,7
DA:30,1
DA:32,1
DA:35,7
DA:36,3
DA:37,3
DA:38,3
DA:47,2
DA:49,3
DA:53,9
DA:56,9
DA:91,1
DA:100,1
DA:108,1
DA:109,1
LF:20
LH:20
BRF:0
BRH:0
end_of_record
TN:
SF:/Users/matthewkaplan/Dropbox/cross-poll/LangChat/src/components/Profile/styles.js
FNF:0
FNH:0
DA:3,1
LF:1
LH:1
BRF:0
BRH:0
end_of_record
TN:
SF:/Users/matthewkaplan/Dropbox/cross-poll/LangChat/src/components/SignUpForm/SignUpForm.js
FN:31,(anonymous_0)
FN:37,(anonymous_1)
FN:45,(anonymous_2)
FN:53,(anonymous_3)
FN:60,(anonymous_4)
FN:71,(anonymous_5)
FN:73,(anonymous_6)
FN:80,(anonymous_7)
FN:107,(anonymous_8)
FN:126,(anonymous_9)
FN:130,(anonymous_10)
FN:149,(anonymous_11)
FN:161,(anonymous_12)
FN:170,(anonymous_13)
FN:179,(anonymous_14)
FN:193,(anonymous_15)
FN:203,(anonymous_16)
FN:212,(anonymous_17)
FN:235,(anonymous_18)
FN:244,(anonymous_19)
FN:245,(anonymous_20)
FN:246,(anonymous_21)
FN:247,(anonymous_22)
FN:248,(anonymous_23)
FN:249,(anonymous_24)
FN:250,(anonymous_25)
FN:251,(anonymous_26)
FN:252,(anonymous_27)
FNF:28
FNH:26
FNDA:28,(anonymous_0)
FNDA:1,(anonymous_1)
FNDA:1,(anonymous_2)
FNDA:1,(anonymous_3)
FNDA:3,(anonymous_4)
FNDA:1,(anonymous_5)
FNDA:717,(anonymous_6)
FNDA:4,(anonymous_7)
FNDA:5,(anonymous_8)
FNDA:14,(anonymous_9)
FNDA:28,(anonymous_10)
FNDA:0,(anonymous_11)
FNDA:1,(anonymous_12)
FNDA:1,(anonymous_13)
FNDA:1,(anonymous_14)
FNDA:1,(anonymous_15)
FNDA:1,(anonymous_16)
FNDA:1,(anonymous_17)
FNDA:0,(anonymous_18)
FNDA:8,(anonymous_19)
FNDA:1,(anonymous_20)
FNDA:1,(anonymous_21)
FNDA:1,(anonymous_22)
FNDA:1,(anonymous_23)
FNDA:1,(anonymous_24)
FNDA:1,(anonymous_25)
FNDA:1,(anonymous_26)
FNDA:1,(anonymous_27)
DA:23,18
DA:31,18
DA:32,28
DA:33,28
DA:34,18
DA:37,1
DA:43,10
DA:44,3
DA:45,1
DA:50,7
DA:53,1
DA:60,18
DA:61,3
DA:62,3
DA:63,3
DA:71,1
DA:74,717
DA:80,18
DA:81,4
DA:82,4
DA:93,4
DA:94,4
DA:99,3
DA:100,3
DA:103,1
DA:107,18
DA:108,5
DA:109,5
DA:110,5
DA:115,4
DA:116,4
DA:117,0
DA:118,0
DA:119,0
DA:120,0
DA:122,5
DA:126,18
DA:127,14
DA:131,28
DA:143,28
DA:144,28
DA:149,0
DA:161,1
DA:170,1
DA:179,1
DA:193,1
DA:203,1
DA:212,1
DA:225,1
DA:235,1
DA:244,8
DA:245,1
DA:246,1
DA:247,1
DA:248,1
DA:249,1
DA:250,1
DA:251,1
DA:252,1
LF:59
LH:54
BRDA:33,0,0,18
BRDA:33,0,1,10
BRDA:36,1,0,18
BRDA:36,1,1,1
BRDA:36,1,2,1
BRDA:43,2,0,3
BRDA:43,2,1,7
BRDA:52,3,0,7
BRDA:52,3,1,0
BRDA:52,3,2,7
BRDA:154,4,0,28
BRDA:154,4,1,18
BRDA:185,5,0,28
BRDA:185,5,1,3
BRDA:186,6,0,28
BRDA:186,6,1,7
BRDA:217,7,0,7
BRDA:217,7,1,7
BRF:18
BRH:17
end_of_record
TN:
SF:/Users/matthewkaplan/Dropbox/cross-poll/LangChat/src/components/SplashPage/SplashPage.js
FN:8,(anonymous_0)
FN:31,(anonymous_1)
FN:34,(anonymous_2)
FNF:3
FNH:1
FNDA:1,(anonymous_0)
FNDA:0,(anonymous_1)
FNDA:0,(anonymous_2)
DA:17,1
DA:18,1
DA:31,0
DA:34,0
LF:4
LH:2
BRF:0
BRH:0
end_of_record
TN:
SF:/Users/matthewkaplan/Dropbox/cross-poll/LangChat/src/components/TextMessage/TextMessage.js
FN:6,(anonymous_0)
FNF:1
FNH:0
FNDA:0,(anonymous_0)
DA:6,1
DA:7,0
DA:9,1
LF:3
LH:2
BRF:0
BRH:0
end_of_record
TN:
SF:/Users/matthewkaplan/Dropbox/cross-poll/LangChat/src/components/Tutorial/Tutorial.js
FN:9,(anonymous_0)
FN:26,(anonymous_1)
FNF:2
FNH:1
FNDA:1,(anonymous_0)
FNDA:0,(anonymous_1)
DA:10,1
DA:26,0
LF:2
LH:1
BRF:0
BRH:0
end_of_record
TN:
SF:/Users/matthewkaplan/Dropbox/cross-poll/LangChat/src/components/Tutorial/styles.js
FNF:0
FNH:0
DA:3,2
LF:1
LH:1
BRF:0
BRH:0
end_of_record
TN:
SF:/Users/matthewkaplan/Dropbox/cross-poll/LangChat/src/components/Welcome/Welcome.js
FN:9,(anonymous_0)
FN:28,(anonymous_1)
FNF:2
FNH:2
FNDA:1,(anonymous_0)
FNDA:1,(anonymous_1)
DA:10,1
DA:24,2
DA:28,2
LF:3
LH:3
BRF:0
BRH:0
end_of_record
TN:
SF:/Users/matthewkaplan/Dropbox/cross-poll/LangChat/src/components/Welcome/styles.js
FNF:0
FNH:0
DA:3,2
LF:1
LH:1
BRF:0
BRH:0
end_of_record
TN:
SF:/Users/matthewkaplan/Dropbox/cross-poll/LangChat/src/components/common/Button.js
FN:4,(anonymous_0)
FNF:1
FNH:1
FNDA:2,(anonymous_0)
DA:4,8
DA:5,2
DA:6,2
DA:13,8
LF:4
LH:4
BRF:0
BRH:0
end_of_record
TN:
SF:/Users/matthewkaplan/Dropbox/cross-poll/LangChat/src/components/common/Input.js
FN:4,(anonymous_0)
FNF:1
FNH:1
FNDA:1,(anonymous_0)
DA:4,3
DA:5,1
DA:7,1
DA:22,3
LF:4
LH:4
BRF:0
BRH:0
end_of_record
TN:
SF:/Users/matthewkaplan/Dropbox/cross-poll/LangChat/src/reducers/AuthReducer.js
FN:3,(anonymous_0)
FNF:1
FNH:1
FNDA:4,(anonymous_0)
DA:1,1
DA:4,4
DA:6,1
DA:8,1
DA:10,1
DA:12,1
LF:6
LH:6
BRDA:3,0,0,4
BRDA:4,1,0,1
BRDA:4,1,1,1
BRDA:4,1,2,1
BRDA:4,1,3,1
BRF:5
BRH:5
end_of_record
TN:
SF:/Users/matthewkaplan/Dropbox/cross-poll/LangChat/src/reducers/RegisterReducer.js
FN:3,(anonymous_0)
FNF:1
FNH:1
FNDA:7,(anonymous_0)
DA:1,1
DA:4,7
DA:6,1
DA:8,1
DA:10,1
DA:12,1
DA:14,1
DA:16,1
DA:18,1
LF:9
LH:9
BRDA:3,0,0,7
BRDA:4,1,0,1
BRDA:4,1,1,1
BRDA:4,1,2,1
BRDA:4,1,3,1
BRDA:4,1,4,1
BRDA:4,1,5,1
BRDA:4,1,6,1
BRF:8
BRH:8
end_of_record
TN:
SF:/Users/matthewkaplan/Dropbox/cross-poll/LangChat/src/reducers/authenticationReducer.js
FN:1,(anonymous_0)
FNF:1
FNH:1
FNDA:3,(anonymous_0)
DA:2,3
DA:4,1
DA:6,1
DA:8,1
LF:4
LH:4
BRDA:1,0,0,3
BRDA:2,1,0,1
BRDA:2,1,1,1
BRDA:2,1,2,1
BRF:4
BRH:4
end_of_record
TN:
SF:/Users/matthewkaplan/Dropbox/cross-poll/LangChat/src/reducers/cookieReducer.js
FN:1,(anonymous_0)
FNF:1
FNH:1
FNDA:3,(anonymous_0)
DA:2,3
DA:3,3
DA:5,1
DA:7,1
DA:9,1
LF:5
LH:5
BRDA:1,0,0,3
BRDA:3,1,0,1
BRDA:3,1,1,1
BRDA:3,1,2,1
BRF:4
BRH:4
end_of_record
TN:
SF:/Users/matthewkaplan/Dropbox/cross-poll/LangChat/src/reducers/handleErrorReducer.js
FN:1,(anonymous_0)
FNF:1
FNH:1
FNDA:2,(anonymous_0)
DA:2,2
DA:4,1
DA:6,1
LF:3
LH:3
BRDA:1,0,0,2
BRDA:2,1,0,1
BRDA:2,1,1,1
BRF:3
BRH:3
end_of_record
TN:
SF:/Users/matthewkaplan/Dropbox/cross-poll/LangChat/src/reducers/messagesReducer.js
FN:1,(anonymous_0)
FN:7,(anonymous_1)
FNF:2
FNH:2
FNDA:3,(anonymous_0)
FNDA:2,(anonymous_1)
DA:2,3
DA:3,3
DA:5,1
DA:7,1
DA:8,2
DA:10,1
DA:12,1
LF:7
LH:7
BRDA:1,0,0,3
BRDA:3,1,0,1
BRDA:3,1,1,1
BRDA:3,1,2,1
BRF:4
BRH:4
end_of_record
TN:
SF:/Users/matthewkaplan/Dropbox/cross-poll/LangChat/src/reducers/tokenReducer.js
FN:1,(anonymous_0)
FNF:1
FNH:1
FNDA:3,(anonymous_0)
DA:2,3
DA:3,3
DA:5,1
DA:7,1
DA:9,1
LF:5
LH:5
BRDA:1,0,0,3
BRDA:3,1,0,1
BRDA:3,1,1,1
BRDA:3,1,2,1
BRF:4
BRH:4
end_of_record
TN:
SF:/Users/matthewkaplan/Dropbox/cross-poll/LangChat/src/reducers/userReducer.js
FN:1,(anonymous_0)
FNF:1
FNH:1
FNDA:3,(anonymous_0)
DA:2,3
DA:3,3
DA:5,1
DA:7,1
DA:9,1
LF:5
LH:5
BRDA:1,0,0,3
BRDA:3,1,0,1
BRDA:3,1,1,1
BRDA:3,1,2,1
BRF:4
BRH:4
end_of_record
