TN:
SF:/Users/matthewkaplan/Dropbox/cross-poll/LangChat/assets/group_learning.jpg
FNF:0
FNH:0
DA:1,1
LF:1
LH:1
BRF:0
BRH:0
end_of_record
TN:
SF:/Users/matthewkaplan/Dropbox/cross-poll/LangChat/assets/learn_with_others.jpg
FNF:0
FNH:0
DA:1,1
LF:1
LH:1
BRF:0
BRH:0
end_of_record
TN:
SF:/Users/matthewkaplan/Dropbox/cross-poll/LangChat/assets/talking.jpg
FNF:0
FNH:0
DA:1,1
LF:1
LH:1
BRF:0
BRH:0
end_of_record
TN:
SF:/Users/matthewkaplan/Dropbox/cross-poll/LangChat/src/Helper/data.js
FNF:0
FNH:0
DA:1,1
DA:243,1
LF:2
LH:2
BRF:0
BRH:0
end_of_record
TN:
SF:/Users/matthewkaplan/Dropbox/cross-poll/LangChat/src/actions/index.js
FN:1,(anonymous_0)
FN:6,(anonymous_1)
FN:11,(anonymous_2)
FN:16,(anonymous_3)
FN:21,(anonymous_4)
FN:26,(anonymous_5)
FN:31,(anonymous_6)
FN:36,(anonymous_7)
FN:41,(anonymous_8)
FN:46,(anonymous_9)
FN:51,(anonymous_10)
FN:56,(anonymous_11)
FNF:12
FNH:10
FNDA:4,(anonymous_0)
FNDA:4,(anonymous_1)
FNDA:4,(anonymous_2)
FNDA:4,(anonymous_3)
FNDA:4,(anonymous_4)
FNDA:4,(anonymous_5)
FNDA:4,(anonymous_6)
FNDA:3,(anonymous_7)
FNDA:2,(anonymous_8)
FNDA:0,(anonymous_9)
FNDA:4,(anonymous_10)
FNDA:0,(anonymous_11)
DA:1,11
DA:6,11
DA:11,11
DA:16,11
DA:21,11
DA:26,11
DA:31,11
DA:36,11
DA:41,11
DA:46,11
DA:51,11
DA:56,11
LF:12
LH:12
BRF:0
BRH:0
end_of_record
TN:
SF:/Users/matthewkaplan/Dropbox/cross-poll/LangChat/src/components/CorrectedMessage/CorrectedMessage.js
FN:6,(anonymous_0)
FNF:1
FNH:1
FNDA:1,(anonymous_0)
DA:6,1
DA:7,1
LF:2
LH:2
BRF:0
BRH:0
end_of_record
TN:
SF:/Users/matthewkaplan/Dropbox/cross-poll/LangChat/src/components/CorrectedMessage/styles.js
FNF:0
FNH:0
DA:3,1
LF:1
LH:1
BRF:0
BRH:0
end_of_record
TN:
SF:/Users/matthewkaplan/Dropbox/cross-poll/LangChat/src/components/LoginForm/LoginForm.js
FN:16,(anonymous_0)
FN:24,(anonymous_1)
FN:46,(anonymous_2)
FN:52,(anonymous_3)
FN:61,(anonymous_4)
FN:71,(anonymous_5)
FN:82,(anonymous_6)
FN:86,(anonymous_7)
FN:94,(anonymous_8)
FN:100,(anonymous_9)
FN:101,(anonymous_10)
FN:102,(anonymous_11)
FN:103,(anonymous_12)
FNF:13
FNH:11
FNDA:4,(anonymous_0)
FNDA:4,(anonymous_1)
FNDA:18,(anonymous_2)
FNDA:18,(anonymous_3)
FNDA:0,(anonymous_4)
FNDA:1,(anonymous_5)
FNDA:1,(anonymous_6)
FNDA:1,(anonymous_7)
FNDA:0,(anonymous_8)
FNDA:3,(anonymous_9)
FNDA:1,(anonymous_10)
FNDA:1,(anonymous_11)
FNDA:1,(anonymous_12)
DA:12,10
DA:16,10
DA:17,4
DA:18,2
DA:20,2
DA:24,10
DA:25,4
DA:26,4
DA:27,4
DA:28,4
DA:33,3
DA:35,3
DA:36,0
DA:37,0
DA:38,0
DA:39,0
DA:41,3
DA:43,3
DA:46,10
DA:47,18
DA:48,18
DA:49,18
DA:53,18
DA:54,18
DA:55,18
DA:56,18
DA:61,0
DA:71,1
DA:82,1
DA:86,1
DA:94,1
DA:100,3
DA:101,1
DA:102,1
DA:103,1
LF:35
LH:30
BRDA:17,0,0,2
BRDA:17,0,1,2
BRDA:49,1,0,18
BRDA:49,1,1,18
BRDA:49,1,2,18
BRF:5
BRH:5
end_of_record
TN:
SF:/Users/matthewkaplan/Dropbox/cross-poll/LangChat/src/components/LoginForm/styles.js
FNF:0
FNH:0
LF:0
LH:0
BRF:0
BRH:0
end_of_record
TN:
SF:/Users/matthewkaplan/Dropbox/cross-poll/LangChat/src/components/Message/Message.js
FN:6,(anonymous_0)
FN:14,(anonymous_1)
FNF:2
FNH:1
FNDA:1,(anonymous_0)
FNDA:0,(anonymous_1)
DA:6,1
DA:7,1
DA:8,1
DA:9,1
DA:10,1
DA:11,1
DA:13,1
DA:14,0
LF:8
LH:7
BRDA:10,0,0,0
BRDA:10,0,1,1
BRDA:10,1,0,0
BRDA:10,1,1,1
BRF:4
BRH:2
end_of_record
TN:
SF:/Users/matthewkaplan/Dropbox/cross-poll/LangChat/src/components/Message/styles.js
FNF:0
FNH:0
DA:3,1
DA:4,1
LF:2
LH:2
BRF:0
BRH:0
end_of_record
TN:
SF:/Users/matthewkaplan/Dropbox/cross-poll/LangChat/src/components/Nav/Nav.js
FN:7,(anonymous_0)
FN:11,(anonymous_1)
FN:18,(anonymous_2)
FN:26,(anonymous_3)
FN:33,(anonymous_4)
FNF:5
FNH:1
FNDA:2,(anonymous_0)
FNDA:0,(anonymous_1)
FNDA:0,(anonymous_2)
FNDA:0,(anonymous_3)
FNDA:0,(anonymous_4)
DA:8,2
DA:11,0
DA:18,0
DA:26,0
DA:33,0
DA:43,2
LF:6
LH:2
BRF:0
BRH:0
end_of_record
TN:
SF:/Users/matthewkaplan/Dropbox/cross-poll/LangChat/src/components/NavDrawer/NavDrawer.js
FN:18,(anonymous_0)
FN:26,(anonymous_1)
FN:30,(anonymous_2)
FN:34,(anonymous_3)
FN:39,(anonymous_4)
FN:58,(anonymous_5)
FN:64,(anonymous_6)
FN:157,(anonymous_7)
FN:164,(anonymous_8)
FN:165,(anonymous_9)
FNF:10
FNH:3
FNDA:1,(anonymous_0)
FNDA:0,(anonymous_1)
FNDA:0,(anonymous_2)
FNDA:0,(anonymous_3)
FNDA:0,(anonymous_4)
FNDA:1,(anonymous_5)
FNDA:1,(anonymous_6)
FNDA:0,(anonymous_7)
FNDA:0,(anonymous_8)
FNDA:0,(anonymous_9)
DA:11,1
DA:14,1
DA:19,1
DA:26,1
DA:27,0
DA:30,1
DA:31,0
DA:34,1
DA:35,0
DA:36,0
DA:39,1
DA:40,0
DA:41,0
DA:42,0
DA:51,0
DA:52,0
DA:54,0
DA:59,1
DA:64,1
DA:91,1
DA:102,1
DA:157,1
DA:164,1
DA:165,0
LF:24
LH:13
BRDA:74,0,0,0
BRDA:74,0,1,1
BRDA:83,1,0,1
BRDA:83,1,1,1
BRF:4
BRH:3
end_of_record
TN:
SF:/Users/matthewkaplan/Dropbox/cross-poll/LangChat/src/components/SignUpForm/SignUpForm.js
FN:29,(anonymous_0)
FN:35,(anonymous_1)
FN:43,(anonymous_2)
FN:51,(anonymous_3)
FN:58,(anonymous_4)
FN:69,(anonymous_5)
FN:71,(anonymous_6)
FN:78,(anonymous_7)
FN:105,(anonymous_8)
FN:124,(anonymous_9)
FN:128,(anonymous_10)
FN:147,(anonymous_11)
FN:159,(anonymous_12)
FN:168,(anonymous_13)
FN:177,(anonymous_14)
FN:191,(anonymous_15)
FN:201,(anonymous_16)
FN:210,(anonymous_17)
FN:224,(anonymous_18)
FN:233,(anonymous_19)
FN:234,(anonymous_20)
FN:235,(anonymous_21)
FN:236,(anonymous_22)
FN:237,(anonymous_23)
FN:238,(anonymous_24)
FN:239,(anonymous_25)
FN:240,(anonymous_26)
FNF:27
FNH:25
FNDA:26,(anonymous_0)
FNDA:1,(anonymous_1)
FNDA:1,(anonymous_2)
FNDA:1,(anonymous_3)
FNDA:3,(anonymous_4)
FNDA:1,(anonymous_5)
FNDA:717,(anonymous_6)
FNDA:3,(anonymous_7)
FNDA:4,(anonymous_8)
FNDA:14,(anonymous_9)
FNDA:26,(anonymous_10)
FNDA:0,(anonymous_11)
FNDA:1,(anonymous_12)
FNDA:1,(anonymous_13)
FNDA:1,(anonymous_14)
FNDA:1,(anonymous_15)
FNDA:1,(anonymous_16)
FNDA:1,(anonymous_17)
FNDA:0,(anonymous_18)
FNDA:7,(anonymous_19)
FNDA:1,(anonymous_20)
FNDA:1,(anonymous_21)
FNDA:1,(anonymous_22)
FNDA:1,(anonymous_23)
FNDA:1,(anonymous_24)
FNDA:1,(anonymous_25)
FNDA:1,(anonymous_26)
DA:21,16
DA:29,16
DA:30,26
DA:31,26
DA:32,16
DA:35,1
DA:41,10
DA:42,3
DA:43,1
DA:48,7
DA:51,1
DA:58,16
DA:59,3
DA:60,3
DA:61,3
DA:69,1
DA:72,717
DA:78,16
DA:79,3
DA:80,3
DA:91,3
DA:92,3
DA:97,3
DA:98,3
DA:101,0
DA:105,16
DA:106,4
DA:107,4
DA:108,4
DA:113,4
DA:114,4
DA:115,0
DA:116,0
DA:117,0
DA:118,0
DA:120,4
DA:124,16
DA:125,14
DA:129,26
DA:141,26
DA:142,26
DA:147,0
DA:159,1
DA:168,1
DA:177,1
DA:191,1
DA:201,1
DA:210,1
DA:224,1
DA:233,7
DA:234,1
DA:235,1
DA:236,1
DA:237,1
DA:238,1
DA:239,1
DA:240,1
LF:57
LH:51
BRDA:31,0,0,16
BRDA:31,0,1,10
BRDA:34,1,0,16
BRDA:34,1,1,1
BRDA:34,1,2,1
BRDA:41,2,0,3
BRDA:41,2,1,7
BRDA:50,3,0,7
BRDA:50,3,1,0
BRDA:50,3,2,7
BRDA:152,4,0,26
BRDA:152,4,1,16
BRDA:183,5,0,26
BRDA:183,5,1,3
BRDA:184,6,0,26
BRDA:184,6,1,7
BRDA:215,7,0,7
BRDA:215,7,1,7
BRF:18
BRH:17
end_of_record
TN:
SF:/Users/matthewkaplan/Dropbox/cross-poll/LangChat/src/components/SignUpForm/styles.js
FNF:0
FNH:0
LF:0
LH:0
BRF:0
BRH:0
end_of_record
TN:
SF:/Users/matthewkaplan/Dropbox/cross-poll/LangChat/src/components/SplashPage/SplashPage.js
FN:8,(anonymous_0)
FN:30,(anonymous_1)
FN:33,(anonymous_2)
FNF:3
FNH:1
FNDA:1,(anonymous_0)
FNDA:0,(anonymous_1)
FNDA:0,(anonymous_2)
DA:17,1
DA:18,1
DA:30,0
DA:33,0
LF:4
LH:2
BRF:0
BRH:0
end_of_record
TN:
SF:/Users/matthewkaplan/Dropbox/cross-poll/LangChat/src/components/SplashPage/styles.js
FNF:0
FNH:0
LF:0
LH:0
BRF:0
BRH:0
end_of_record
TN:
SF:/Users/matthewkaplan/Dropbox/cross-poll/LangChat/src/components/Tutorial/Tutorial.js
FN:6,(anonymous_0)
FN:23,(anonymous_1)
FNF:2
FNH:1
FNDA:1,(anonymous_0)
FNDA:0,(anonymous_1)
DA:7,1
DA:23,0
DA:30,1
LF:3
LH:2
BRF:0
BRH:0
end_of_record
TN:
SF:/Users/matthewkaplan/Dropbox/cross-poll/LangChat/src/components/common/Button.js
FN:4,(anonymous_0)
FNF:1
FNH:1
FNDA:2,(anonymous_0)
DA:4,5
DA:5,2
DA:6,2
DA:13,5
LF:4
LH:4
BRF:0
BRH:0
end_of_record
TN:
SF:/Users/matthewkaplan/Dropbox/cross-poll/LangChat/src/components/common/Input.js
FN:4,(anonymous_0)
FNF:1
FNH:1
FNDA:1,(anonymous_0)
DA:4,3
DA:5,1
DA:7,1
DA:22,3
LF:4
LH:4
BRF:0
BRH:0
end_of_record
TN:
SF:/Users/matthewkaplan/Dropbox/cross-poll/LangChat/src/reducers/AuthReducer.js
FN:3,(anonymous_0)
FNF:1
FNH:1
FNDA:3,(anonymous_0)
DA:1,1
DA:4,3
DA:6,1
DA:8,1
DA:10,0
DA:12,1
LF:6
LH:5
BRDA:3,0,0,3
BRDA:4,1,0,1
BRDA:4,1,1,1
BRDA:4,1,2,0
BRDA:4,1,3,1
BRF:5
BRH:4
end_of_record
TN:
SF:/Users/matthewkaplan/Dropbox/cross-poll/LangChat/src/reducers/RegisterReducer.js
FN:3,(anonymous_0)
FNF:1
FNH:1
FNDA:6,(anonymous_0)
DA:1,1
DA:4,6
DA:6,1
DA:8,1
DA:10,1
DA:12,0
DA:14,1
DA:16,1
DA:18,1
LF:9
LH:8
BRDA:3,0,0,6
BRDA:4,1,0,1
BRDA:4,1,1,1
BRDA:4,1,2,1
BRDA:4,1,3,0
BRDA:4,1,4,1
BRDA:4,1,5,1
BRDA:4,1,6,1
BRF:8
BRH:7
end_of_record
TN:
SF:/Users/matthewkaplan/Dropbox/cross-poll/LangChat/src/reducers/authenticationReducer.js
FN:1,(anonymous_0)
FNF:1
FNH:1
FNDA:1,(anonymous_0)
DA:2,1
DA:4,0
DA:6,0
DA:8,1
LF:4
LH:2
BRDA:1,0,0,1
BRDA:2,1,0,0
BRDA:2,1,1,0
BRDA:2,1,2,1
BRF:4
BRH:2
end_of_record
TN:
SF:/Users/matthewkaplan/Dropbox/cross-poll/LangChat/src/reducers/cookieReducer.js
FN:1,(anonymous_0)
FNF:1
FNH:1
FNDA:1,(anonymous_0)
DA:2,1
DA:3,1
DA:5,0
DA:7,0
DA:9,1
LF:5
LH:3
BRDA:1,0,0,1
BRDA:3,1,0,0
BRDA:3,1,1,0
BRDA:3,1,2,1
BRF:4
BRH:2
end_of_record
TN:
SF:/Users/matthewkaplan/Dropbox/cross-poll/LangChat/src/reducers/messagesReducer.js
FN:1,(anonymous_0)
FN:7,(anonymous_1)
FNF:2
FNH:1
FNDA:2,(anonymous_0)
FNDA:0,(anonymous_1)
DA:2,2
DA:3,2
DA:5,1
DA:7,0
DA:8,0
DA:10,0
DA:12,1
LF:7
LH:4
BRDA:1,0,0,2
BRDA:3,1,0,1
BRDA:3,1,1,0
BRDA:3,1,2,1
BRF:4
BRH:3
end_of_record
TN:
SF:/Users/matthewkaplan/Dropbox/cross-poll/LangChat/src/reducers/tokenReducer.js
FN:1,(anonymous_0)
FNF:1
FNH:1
FNDA:1,(anonymous_0)
DA:2,1
DA:3,1
DA:5,0
DA:7,0
DA:9,1
LF:5
LH:3
BRDA:1,0,0,1
BRDA:3,1,0,0
BRDA:3,1,1,0
BRDA:3,1,2,1
BRF:4
BRH:2
end_of_record
TN:
SF:/Users/matthewkaplan/Dropbox/cross-poll/LangChat/src/reducers/userReducer.js
FN:1,(anonymous_0)
FNF:1
FNH:1
FNDA:1,(anonymous_0)
DA:2,1
DA:3,1
DA:5,0
DA:7,0
DA:9,1
LF:5
LH:3
BRDA:1,0,0,1
BRDA:3,1,0,0
BRDA:3,1,1,0
BRDA:3,1,2,1
BRF:4
BRH:2
end_of_record
